Log file open, 07/23/18 22:30:41
LogWindows: Failed to load 'aqProf.dll' (GetLastError=126)
LogWindows: File 'aqProf.dll' does not exist
LogWindows: Failed to load 'VSPerf140.dll' (GetLastError=126)
LogWindows: File 'VSPerf140.dll' does not exist
LogWindows: Failed to load 'VtuneApi.dll' (GetLastError=126)
LogWindows: File 'VtuneApi.dll' does not exist
LogWindows: Failed to load 'VtuneApi32e.dll' (GetLastError=126)
LogWindows: File 'VtuneApi32e.dll' does not exist
LogInit: Display: Running engine for game: Prototype_1
LogPlatformFile: Not using cached read wrapper
LogInit: Display: RandInit(61103550) SRandInit(61103550).
LogInit: Read version file with build ID '3709383'
LogInit: Overriding engine version to CL 3832480, compatible CL 3709383
LogInit: Registered custom module enumerator with build ID '3709383'
LogTaskGraph: Started task graph with 5 named threads and 8 total threads with 3 sets of task threads.
LogStats: Stats thread started at 0.121302
LogD3D11RHI: Aftermath initialized
LogModuleManager: Display: Found up-to-date module file ../../../Engine/Plugins/2D/Paper2D/Binaries/Win64/UE4Editor-Paper2D.dll (API version 3709383).
LogModuleManager: Display: Found up-to-date module file ../../../Engine/Plugins/2D/Paper2D/Binaries/Win64/UE4Editor-Paper2DEditor.dll (API version 3709383).
LogModuleManager: Display: Found up-to-date module file ../../../Engine/Plugins/2D/Paper2D/Binaries/Win64/UE4Editor-PaperSpriteSheetImporter.dll (API version 3709383).
LogModuleManager: Display: Found up-to-date module file ../../../Engine/Plugins/2D/Paper2D/Binaries/Win64/UE4Editor-PaperTiledImporter.dll (API version 3709383).
LogModuleManager: Display: Found up-to-date module file ../../../Engine/Plugins/2D/Paper2D/Binaries/Win64/UE4Editor-SmartSnapping.dll (API version 3709383).
LogModuleManager: Display: Found up-to-date module file ../../../Engine/Plugins/Blendables/LightPropagationVolume/Binaries/Win64/UE4Editor-LightPropagationVolumeRuntime.dll (API version 3709383).
LogModuleManager: Display: Found up-to-date module file ../../../Engine/Plugins/Blendables/LightPropagationVolume/Binaries/Win64/UE4Editor-LightPropagationVolumeEditor.dll (API version 3709383).
LogModuleManager: Display: Found up-to-date module file ../../../Engine/Plugins/Developer/GitSourceControl/Binaries/Win64/UE4Editor-GitSourceControl.dll (API version 3709383).
LogModuleManager: Display: Found up-to-date module file ../../../Engine/Plugins/Developer/PerforceSourceControl/Binaries/Win64/UE4Editor-PerforceSourceControl.dll (API version 3709383).
LogModuleManager: Display: Found up-to-date module file ../../../Engine/Plugins/Developer/SubversionSourceControl/Binaries/Win64/UE4Editor-SubversionSourceControl.dll (API version 3709383).
LogModuleManager: Display: Found up-to-date module file ../../../Engine/Plugins/Developer/UObjectPlugin/Binaries/Win64/UE4Editor-UObjectPlugin.dll (API version 3709383).
LogModuleManager: Display: Found up-to-date module file ../../../Engine/Plugins/Developer/VisualStudioCodeSourceCodeAccess/Binaries/Win64/UE4Editor-VisualStudioCodeSourceCodeAccess.dll (API version 3709383).
LogModuleManager: Display: Found up-to-date module file ../../../Engine/Plugins/Developer/VisualStudioSourceCodeAccess/Binaries/Win64/UE4Editor-VisualStudioSourceCodeAccess.dll (API version 3709383).
LogModuleManager: Display: Found up-to-date module file ../../../Engine/Plugins/Editor/AssetManagerEditor/Binaries/Win64/UE4Editor-AssetManagerEditor.dll (API version 3709383).
LogModuleManager: Display: Found up-to-date module file ../../../Engine/Plugins/Editor/AudioCapture/Binaries/Win64/UE4Editor-AudioCapture.dll (API version 3709383).
LogModuleManager: Display: Found up-to-date module file ../../../Engine/Plugins/Editor/FacialAnimation/Binaries/Win64/UE4Editor-FacialAnimation.dll (API version 3709383).
LogModuleManager: Display: Found up-to-date module file ../../../Engine/Plugins/Editor/FacialAnimation/Binaries/Win64/UE4Editor-FacialAnimationEditor.dll (API version 3709383).
LogModuleManager: Display: Found up-to-date module file ../../../Engine/Plugins/Editor/GameplayTagsEditor/Binaries/Win64/UE4Editor-GameplayTagsEditor.dll (API version 3709383).
LogModuleManager: Display: Found up-to-date module file ../../../Engine/Plugins/Editor/MobileLauncherProfileWizard/Binaries/Win64/UE4Editor-MobileLauncherProfileWizard.dll (API version 3709383).
LogModuleManager: Display: Found up-to-date module file ../../../Engine/Plugins/Editor/PluginBrowser/Binaries/Win64/UE4Editor-PluginBrowser.dll (API version 3709383).
LogModuleManager: Display: Found up-to-date module file ../../../Engine/Plugins/Editor/SpeedTreeImporter/Binaries/Win64/UE4Editor-SpeedTreeImporter.dll (API version 3709383).
LogModuleManager: Display: Found up-to-date module file ../../../Engine/Plugins/Experimental/AlembicImporter/Binaries/Win64/UE4Editor-AlembicImporter.dll (API version 3709383).
LogModuleManager: Display: Found up-to-date module file ../../../Engine/Plugins/Experimental/AlembicImporter/Binaries/Win64/UE4Editor-AlembicLibrary.dll (API version 3709383).
LogModuleManager: Display: Found up-to-date module file ../../../Engine/Plugins/Experimental/CharacterAI/Binaries/Win64/UE4Editor-CharacterAI.dll (API version 3709383).
LogModuleManager: Display: Found up-to-date module file ../../../Engine/Plugins/Experimental/HTML5Networking/Binaries/Win64/UE4Editor-HTML5Networking.dll (API version 3709383).
LogModuleManager: Display: Found up-to-date module file ../../../Engine/Plugins/Media/AndroidMedia/Binaries/Win64/UE4Editor-AndroidMediaEditor.dll (API version 3709383).
LogModuleManager: Display: Found up-to-date module file ../../../Engine/Plugins/Media/AndroidMedia/Binaries/Win64/UE4Editor-AndroidMediaFactory.dll (API version 3709383).
LogModuleManager: Display: Found up-to-date module file ../../../Engine/Plugins/Media/AvfMedia/Binaries/Win64/UE4Editor-AvfMediaEditor.dll (API version 3709383).
LogModuleManager: Display: Found up-to-date module file ../../../Engine/Plugins/Media/AvfMedia/Binaries/Win64/UE4Editor-AvfMediaFactory.dll (API version 3709383).
LogModuleManager: Display: Found up-to-date module file ../../../Engine/Plugins/Media/AvfMedia/Binaries/Win64/UE4Editor-AvfMediaFactory.dll (API version 3709383).
LogModuleManager: Display: Found up-to-date module file ../../../Engine/Plugins/Media/ImgMedia/Binaries/Win64/UE4Editor-ImgMedia.dll (API version 3709383).
LogModuleManager: Display: Found up-to-date module file ../../../Engine/Plugins/Media/ImgMedia/Binaries/Win64/UE4Editor-ImgMediaEditor.dll (API version 3709383).
LogModuleManager: Display: Found up-to-date module file ../../../Engine/Plugins/Media/ImgMedia/Binaries/Win64/UE4Editor-ImgMediaFactory.dll (API version 3709383).
LogModuleManager: Display: Found up-to-date module file ../../../Engine/Plugins/Media/ImgMedia/Binaries/Win64/UE4Editor-ImgMediaFactory.dll (API version 3709383).
LogModuleManager: Display: Found up-to-date module file ../../../Engine/Plugins/Media/ImgMedia/Binaries/Win64/UE4Editor-OpenExrWrapper.dll (API version 3709383).
LogModuleManager: Display: Found up-to-date module file ../../../Engine/Plugins/Media/MediaCompositing/Binaries/Win64/UE4Editor-MediaCompositing.dll (API version 3709383).
LogModuleManager: Display: Found up-to-date module file ../../../Engine/Plugins/Media/MediaCompositing/Binaries/Win64/UE4Editor-MediaCompositingEditor.dll (API version 3709383).
LogModuleManager: Display: Found up-to-date module file ../../../Engine/Plugins/Media/MediaPlayerEditor/Binaries/Win64/UE4Editor-MediaPlayerEditor.dll (API version 3709383).
LogModuleManager: Display: Found up-to-date module file ../../../Engine/Plugins/Media/WmfMedia/Binaries/Win64/UE4Editor-WmfMedia.dll (API version 3709383).
LogModuleManager: Display: Found up-to-date module file ../../../Engine/Plugins/Media/WmfMedia/Binaries/Win64/UE4Editor-WmfMediaEditor.dll (API version 3709383).
LogModuleManager: Display: Found up-to-date module file ../../../Engine/Plugins/Media/WmfMedia/Binaries/Win64/UE4Editor-WmfMediaFactory.dll (API version 3709383).
LogModuleManager: Display: Found up-to-date module file ../../../Engine/Plugins/Media/WmfMedia/Binaries/Win64/UE4Editor-WmfMediaFactory.dll (API version 3709383).
LogModuleManager: Display: Found up-to-date module file ../../../Engine/Plugins/Messaging/TcpMessaging/Binaries/Win64/UE4Editor-TcpMessaging.dll (API version 3709383).
LogModuleManager: Display: Found up-to-date module file ../../../Engine/Plugins/Messaging/UdpMessaging/Binaries/Win64/UE4Editor-UdpMessaging.dll (API version 3709383).
LogModuleManager: Display: Found up-to-date module file ../../../Engine/Plugins/MovieScene/ActorSequence/Binaries/Win64/UE4Editor-ActorSequence.dll (API version 3709383).
LogModuleManager: Display: Found up-to-date module file ../../../Engine/Plugins/MovieScene/LevelSequenceEditor/Binaries/Win64/UE4Editor-LevelSequenceEditor.dll (API version 3709383).
LogModuleManager: Display: Found up-to-date module file ../../../Engine/Plugins/MovieScene/MatineeToLevelSequence/Binaries/Win64/UE4Editor-MatineeToLevelSequence.dll (API version 3709383).
LogModuleManager: Display: Found up-to-date module file ../../../Engine/Plugins/Online/OnlineSubsystem/Binaries/Win64/UE4Editor-OnlineSubsystem.dll (API version 3709383).
LogModuleManager: Display: Found up-to-date module file ../../../Engine/Plugins/Runtime/AndroidPermission/Binaries/Win64/UE4Editor-AndroidPermission.dll (API version 3709383).
LogModuleManager: Display: Found up-to-date module file ../../../Engine/Plugins/Online/OnlineSubsystemNull/Binaries/Win64/UE4Editor-OnlineSubsystemNull.dll (API version 3709383).
LogModuleManager: Display: Found up-to-date module file ../../../Engine/Plugins/Online/OnlineSubsystemUtils/Binaries/Win64/UE4Editor-OnlineSubsystemUtils.dll (API version 3709383).
LogModuleManager: Display: Found up-to-date module file ../../../Engine/Plugins/Online/OnlineSubsystemUtils/Binaries/Win64/UE4Editor-OnlineBlueprintSupport.dll (API version 3709383).
LogModuleManager: Display: Found up-to-date module file ../../../Engine/Plugins/Runtime/AndroidDeviceProfileSelector/Binaries/Win64/UE4Editor-AndroidDeviceProfileSelector.dll (API version 3709383).
LogModuleManager: Display: Found up-to-date module file ../../../Engine/Plugins/Runtime/AppleARKit/Binaries/Win64/UE4Editor-AppleARKit.dll (API version 3709383).
LogModuleManager: Display: Found up-to-date module file ../../../Engine/Plugins/Runtime/ArchVisCharacter/Binaries/Win64/UE4Editor-ArchVisCharacter.dll (API version 3709383).
LogModuleManager: Display: Found up-to-date module file ../../../Engine/Plugins/Runtime/CableComponent/Binaries/Win64/UE4Editor-CableComponent.dll (API version 3709383).
LogModuleManager: Display: Found up-to-date module file ../../../Engine/Plugins/Runtime/CustomMeshComponent/Binaries/Win64/UE4Editor-CustomMeshComponent.dll (API version 3709383).
LogModuleManager: Display: Found up-to-date module file ../../../Engine/Plugins/Runtime/ExampleDeviceProfileSelector/Binaries/Win64/UE4Editor-ExampleDeviceProfileSelector.dll (API version 3709383).
LogModuleManager: Display: Found up-to-date module file ../../../Engine/Plugins/Runtime/ImmediatePhysics/Binaries/Win64/UE4Editor-ImmediatePhysics.dll (API version 3709383).
LogModuleManager: Display: Found up-to-date module file ../../../Engine/Plugins/Runtime/ImmediatePhysics/Binaries/Win64/UE4Editor-ImmediatePhysicsEditor.dll (API version 3709383).
LogModuleManager: Display: Found up-to-date module file ../../../Engine/Plugins/Runtime/LocationServicesBPLibrary/Binaries/Win64/UE4Editor-LocationServicesBPLibrary.dll (API version 3709383).
LogModuleManager: Display: Found up-to-date module file ../../../Engine/Plugins/Runtime/MobilePatchingUtils/Binaries/Win64/UE4Editor-MobilePatchingUtils.dll (API version 3709383).
LogModuleManager: Display: Found up-to-date module file ../../../Engine/Plugins/Runtime/Oculus/OculusVR/Binaries/Win64/UE4Editor-OculusHMD.dll (API version 3709383).
LogModuleManager: Display: Found up-to-date module file ../../../Engine/Plugins/Runtime/Oculus/OculusVR/Binaries/Win64/UE4Editor-OculusInput.dll (API version 3709383).
LogModuleManager: Display: Found up-to-date module file ../../../Engine/Plugins/Runtime/Oculus/OculusVR/Binaries/Win64/UE4Editor-OculusEditor.dll (API version 3709383).
LogModuleManager: Display: Found up-to-date module file ../../../Engine/Plugins/Runtime/PhysXVehicles/Binaries/Win64/UE4Editor-PhysXVehicles.dll (API version 3709383).
LogModuleManager: Display: Found up-to-date module file ../../../Engine/Plugins/Runtime/PhysXVehicles/Binaries/Win64/UE4Editor-PhysXVehiclesEditor.dll (API version 3709383).
LogModuleManager: Display: Found up-to-date module file ../../../Engine/Plugins/Runtime/ProceduralMeshComponent/Binaries/Win64/UE4Editor-ProceduralMeshComponent.dll (API version 3709383).
LogModuleManager: Display: Found up-to-date module file ../../../Engine/Plugins/Runtime/ProceduralMeshComponent/Binaries/Win64/UE4Editor-ProceduralMeshComponentEditor.dll (API version 3709383).
LogModuleManager: Display: Found up-to-date module file ../../../Engine/Plugins/Runtime/RuntimePhysXCooking/Binaries/Win64/UE4Editor-RuntimePhysXCooking.dll (API version 3709383).
LogModuleManager: Display: Found up-to-date module file ../../../Engine/Plugins/Runtime/Steam/SteamVR/Binaries/Win64/UE4Editor-SteamVR.dll (API version 3709383).
LogModuleManager: Display: Found up-to-date module file ../../../Engine/Plugins/Runtime/Steam/SteamVR/Binaries/Win64/UE4Editor-SteamVRController.dll (API version 3709383).
LogModuleManager: Display: Found up-to-date module file ../../../Engine/Plugins/Runtime/WindowsMoviePlayer/Binaries/Win64/UE4Editor-WindowsMoviePlayer.dll (API version 3709383).
LogPluginManager: Mounting plugin Paper2D
LogPluginManager: Mounting plugin LightPropagationVolume
LogPluginManager: Mounting plugin CodeLiteSourceCodeAccess
LogPluginManager: Mounting plugin GitSourceControl
LogPluginManager: Mounting plugin KDevelopSourceCodeAccess
LogPluginManager: Mounting plugin NullSourceCodeAccess
LogPluginManager: Mounting plugin PerforceSourceControl
LogPluginManager: Mounting plugin SubversionSourceControl
LogPluginManager: Mounting plugin UObjectPlugin
LogPluginManager: Mounting plugin VisualStudioCodeSourceCodeAccess
LogPluginManager: Mounting plugin VisualStudioSourceCodeAccess
LogPluginManager: Mounting plugin XCodeSourceCodeAccess
LogPluginManager: Mounting plugin AssetManagerEditor
LogPluginManager: Mounting plugin AudioCapture
LogPluginManager: Mounting plugin FacialAnimation
LogPluginManager: Mounting plugin GameplayTagsEditor
LogPluginManager: Mounting plugin MobileLauncherProfileWizard
LogPluginManager: Mounting plugin PluginBrowser
LogPluginManager: Mounting plugin SpeedTreeImporter
LogPluginManager: Mounting plugin AlembicImporter
LogPluginManager: Mounting plugin CharacterAI
LogPluginManager: Mounting plugin HTML5Networking
LogPluginManager: Mounting plugin AndroidMedia
LogPluginManager: Mounting plugin AvfMedia
LogPluginManager: Mounting plugin ImgMedia
LogPluginManager: Mounting plugin MediaCompositing
LogPluginManager: Mounting plugin MediaPlayerEditor
LogPluginManager: Mounting plugin WmfMedia
LogPluginManager: Mounting plugin TcpMessaging
LogPluginManager: Mounting plugin UdpMessaging
LogPluginManager: Mounting plugin ActorSequence
LogPluginManager: Mounting plugin LevelSequenceEditor
LogPluginManager: Mounting plugin MatineeToLevelSequence
LogPluginManager: Mounting plugin OnlineSubsystemGooglePlay
LogPluginManager: Mounting plugin OnlineSubsystemIOS
LogPluginManager: Mounting plugin OnlineSubsystem
LogPluginManager: Mounting plugin OnlineSubsystemNull
LogPluginManager: Mounting plugin OnlineSubsystemUtils
LogPluginManager: Mounting plugin AndroidDeviceProfileSelector
LogPluginManager: Mounting plugin AndroidMoviePlayer
LogPluginManager: Mounting plugin AndroidPermission
LogPluginManager: Mounting plugin AppleARKit
LogPluginManager: Mounting plugin AppleMoviePlayer
LogPluginManager: Mounting plugin ArchVisCharacter
LogPluginManager: Mounting plugin CableComponent
LogPluginManager: Mounting plugin CustomMeshComponent
LogPluginManager: Mounting plugin ExampleDeviceProfileSelector
LogPluginManager: Mounting plugin GoogleCloudMessaging
LogPluginManager: Mounting plugin ImmediatePhysics
LogPluginManager: Mounting plugin IOSDeviceProfileSelector
LogPluginManager: Mounting plugin LinuxDeviceProfileSelector
LogPluginManager: Mounting plugin LocationServicesBPLibrary
LogPluginManager: Mounting plugin MobilePatchingUtils
LogPluginManager: Mounting plugin OculusVR
LogPluginManager: Plugin shader directory ../../../Engine/Plugins/Runtime/Oculus/OculusVR/Shaders found
LogPluginManager: Mapping shader source directory ../../../Engine/Plugins/Runtime/Oculus/OculusVR/Shaders to virtual directory /Plugin/OculusVR
LogPluginManager: Mounting plugin PhysXVehicles
LogPluginManager: Mounting plugin ProceduralMeshComponent
LogPluginManager: Mounting plugin RuntimePhysXCooking
LogPluginManager: Mounting plugin SteamVR
LogPluginManager: Mounting plugin WindowsMoviePlayer
LogInit: Using libcurl 7.47.1
LogInit:  - built for x86_64-pc-win32
LogInit:  - supports SSL with OpenSSL/1.0.2g
LogInit:  - supports HTTP deflate (compression) using libz 1.2.8
LogInit:  - other features:
LogInit:      CURL_VERSION_SSL
LogInit:      CURL_VERSION_LIBZ
LogInit:      CURL_VERSION_IPV6
LogInit:      CURL_VERSION_ASYNCHDNS
LogInit:      CURL_VERSION_LARGEFILE
LogInit:      CURL_VERSION_IDN
LogInit:  CurlRequestOptions (configurable via config and command line):
LogInit:  - bVerifyPeer = false  - Libcurl will NOT verify peer certificate
LogInit:  - bUseHttpProxy = false  - Libcurl will NOT use HTTP proxy
LogInit:  - bDontReuseConnections = false  - Libcurl will reuse connections
LogInit:  - CertBundlePath = nullptr  - Libcurl will use whatever was configured at build time.
LogInit: Build: ++UE4+Release-4.18-CL-3832480
LogInit: Engine Version: 4.18.3-3832480+++UE4+Release-4.18
LogInit: Compatible Engine Version: 4.18.0-3709383+++UE4+Release-4.18
LogInit: Net CL: 3709383
LogDevObjectVersion: Number of dev versions registered: 16
LogDevObjectVersion:   Dev-Blueprints (B0D832E4-1F89-4F0D-ACCF-7EB736FD4AA2): 10
LogDevObjectVersion:   Dev-Build (E1C64328-A22C-4D53-A36C-8E866417BD8C): 0
LogDevObjectVersion:   Dev-Core (375EC13C-06E4-48FB-B500-84F0262A717E): 2
LogDevObjectVersion:   Dev-Editor (E4B068ED-F494-42E9-A231-DA0B2E46BB41): 20
LogDevObjectVersion:   Dev-Framework (CFFC743F-43B0-4480-9391-14DF171D2073): 30
LogDevObjectVersion:   Dev-Mobile (B02B49B5-BB20-44E9-A304-32B752E40360): 0
LogDevObjectVersion:   Dev-Networking (A4E4105C-59A1-49B5-A7C5-40C4547EDFEE): 0
LogDevObjectVersion:   Dev-Online (39C831C9-5AE6-47DC-9A44-9C173E1C8E7C): 0
LogDevObjectVersion:   Dev-Physics (78F01B33-EBEA-4F98-B9B4-84EACCB95AA2): 0
LogDevObjectVersion:   Dev-Platform (6631380F-2D4D-43E0-8009-CF276956A95A): 0
LogDevObjectVersion:   Dev-Rendering (12F88B9F-8875-4AFC-A67C-D90C383ABD29): 20
LogDevObjectVersion:   Dev-Sequencer (7B5AE74C-D270-4C10-A958-57980B212A5A): 4
LogDevObjectVersion:   Dev-VR (D7296918-1DD6-4BDD-9DE2-64A83CC13884): 0
LogDevObjectVersion:   Dev-LoadTimes (C2A15278-BFE7-4AFE-6C17-90FF531DF755): 1
LogDevObjectVersion:   Private-Geometry (6EACA3D4-40EC-4CC1-B786-8BED09428FC5): 1
LogDevObjectVersion:   Dev-AnimPhys (29E575DD-E0A3-4627-9D10-D276232CDCEA): 12
LogInit: Compiled (64-bit): Jan 12 2018 02:04:55
LogInit: Compiled with Visual C++: 19.00.24215.01
LogInit: Build Configuration: Development
LogInit: Branch Name: ++UE4+Release-4.18
LogInit: Command line:  
LogInit: Base directory: C:/Program Files/Epic Games/UE_4.18/Engine/Binaries/Win64/
LogInit: Installed Engine Build: 1
LogInit: Presizing for max 8388607 objects, including 0 objects not considered by GC, pre-allocating 0 bytes for permanent pool.
LogInit: Object subsystem initialized
[2018.07.23-10.30.43:880][  0]LogInit: Selected Device Profile: [Windows]
[2018.07.23-10.30.43:880][  0]LogInit: Applying CVar settings loaded from the selected device profile: [Windows]
[2018.07.23-10.30.43:903][  0]LogInit: Computer: DESKTOP-3LMKMPS
[2018.07.23-10.30.43:903][  0]LogInit: User: Administer
[2018.07.23-10.30.43:903][  0]LogInit: CPU Page size=4096, Cores=2
[2018.07.23-10.30.43:903][  0]LogInit: High frequency timer resolution =2.340363 MHz
[2018.07.23-10.30.43:903][  0]LogMemory: Memory total: Physical=11.9GB (12GB approx)
[2018.07.23-10.30.43:903][  0]LogMemory: Platform Memory Stats for Windows
[2018.07.23-10.30.43:903][  0]LogMemory: Process Physical Memory: 272.44 MB used, 272.44 MB peak
[2018.07.23-10.30.43:903][  0]LogMemory: Process Virtual Memory: 271.06 MB used, 271.06 MB peak
[2018.07.23-10.30.43:903][  0]LogMemory: Physical Memory: 4670.25 MB used,  7488.54 MB free, 12158.78 MB total
[2018.07.23-10.30.43:903][  0]LogMemory: Virtual Memory: 642.04 MB used,  7488.54 MB free, 134217728.00 MB total
[2018.07.23-10.30.44:160][  0]LogInit: Using OS detected language (en-US).
[2018.07.23-10.30.44:160][  0]LogInit: Using OS detected locale (en-NZ).
[2018.07.23-10.30.44:165][  0]LogTextLocalizationManager: No specific localization for 'en-US' exists, so the 'en' localization will be used.
[2018.07.23-10.30.44:736][  0]LogInit: Setting process to per monitor DPI aware
[2018.07.23-10.30.45:080][  0]LogD3D11RHI: D3D11 adapters:
[2018.07.23-10.30.45:707][  0]LogD3D11RHI:    0. 'NVIDIA GeForce 820M                ' (Feature Level 11_0)
[2018.07.23-10.30.45:707][  0]LogD3D11RHI:       1996/0/2047 MB DedicatedVideo/DedicatedSystem/SharedSystem, Outputs:1, VendorId:0x10de
[2018.07.23-10.30.45:712][  0]LogD3D11RHI:    1. 'Intel(R) HD Graphics 5500' (Feature Level 11_0)
[2018.07.23-10.30.45:712][  0]LogD3D11RHI:       128/0/6079 MB DedicatedVideo/DedicatedSystem/SharedSystem, Outputs:0, VendorId:0x8086
[2018.07.23-10.30.45:714][  0]LogD3D11RHI:    2. 'Microsoft Basic Render Driver' (Feature Level 11_0)
[2018.07.23-10.30.45:714][  0]LogD3D11RHI:       0/0/6079 MB DedicatedVideo/DedicatedSystem/SharedSystem, Outputs:0, VendorId:0x1414
[2018.07.23-10.30.45:714][  0]LogD3D11RHI: Chosen D3D11 Adapter: 0
[2018.07.23-10.30.45:721][  0]LogD3D11RHI: Creating new Direct3DDevice
[2018.07.23-10.30.45:722][  0]LogD3D11RHI:     GPU DeviceId: 0x1140 (for the marketing name, search the web for "GPU Device Id")
[2018.07.23-10.30.45:722][  0]LogWindows: EnumDisplayDevices:
[2018.07.23-10.30.45:722][  0]LogWindows:    0. 'Intel(R) HD Graphics 5500' (P:1 D:1)
[2018.07.23-10.30.45:722][  0]LogWindows:    1. 'Intel(R) HD Graphics 5500' (P:0 D:0)
[2018.07.23-10.30.45:722][  0]LogWindows:    2. 'Intel(R) HD Graphics 5500' (P:0 D:0)
[2018.07.23-10.30.45:722][  0]LogWindows: DebugString: PrimaryIsNotTheChoosenAdapter PrimaryIsNotTheChoosenAdapter PrimaryIsNotTheChoosenAdapter FoundDriverCount:0 
[2018.07.23-10.30.45:722][  0]LogD3D11RHI:     Adapter Name: NVIDIA GeForce 820M                
[2018.07.23-10.30.45:722][  0]LogD3D11RHI:   Driver Version: Unknown (internal:Unknown, unified:Unknown)
[2018.07.23-10.30.45:722][  0]LogD3D11RHI:      Driver Date: Unknown
[2018.07.23-10.30.45:722][  0]LogRHI: Texture pool is 1397 MB (70% of 1996 MB)
[2018.07.23-10.30.45:842][  0]LogD3D11RHI: Display: Timestamp queries are currently disabled on this hardware due to instability. Realtime GPU stats will not be available. You can override this behaviour by setting r.NVIDIATimestampWorkaround to 0
[2018.07.23-10.30.45:842][  0]LogD3D11RHI: NvAPI_D3D_GetCurrentSLIState failed: 0xfffffff7
[2018.07.23-10.30.45:842][  0]LogD3D11RHI: Async texture creation enabled
[2018.07.23-10.30.45:860][  0]LogD3D11RHI: GPU Timing Frequency: 1000.000000 (Debug: 2 2)
[2018.07.23-10.30.45:860][  0]LogShaderCompilers: Guid format shader working directory is -15 characters bigger than the processId version (../../../../../../Users/Administer/Desktop/Prototype_1/Prototype_1/Intermediate/Shaders/WorkingDirectory/6704/).
[2018.07.23-10.30.45:861][  0]LogShaderCompilers: Cleaned the shader compiler working directory 'C:/Users/Administer/AppData/Local/Temp/UnrealShaderWorkingDir/66A7E83D4A26499FBAC494BE704FD0DA/'.
[2018.07.23-10.30.45:861][  0]LogShaderCompilers: Display: Using Local Shader Compiler.
[2018.07.23-10.30.47:029][  0]LogTemp: Display: Loaded TP AllDesktopTargetPlatform
[2018.07.23-10.30.47:093][  0]LogTemp: Display: Loaded TP MacClientTargetPlatform
[2018.07.23-10.30.47:164][  0]LogTemp: Display: Loaded TP MacNoEditorTargetPlatform
[2018.07.23-10.30.47:230][  0]LogTemp: Display: Loaded TP MacServerTargetPlatform
[2018.07.23-10.30.47:298][  0]LogTemp: Display: Loaded TP MacTargetPlatform
[2018.07.23-10.30.47:365][  0]LogTemp: Display: Loaded TP WindowsClientTargetPlatform
[2018.07.23-10.30.47:431][  0]LogTemp: Display: Loaded TP WindowsNoEditorTargetPlatform
[2018.07.23-10.30.47:501][  0]LogTemp: Display: Loaded TP WindowsServerTargetPlatform
[2018.07.23-10.30.47:560][  0]LogTemp: Display: Loaded TP WindowsTargetPlatform
[2018.07.23-10.30.47:625][  0]LogTemp: Display: Loaded TP Android_ASTCTargetPlatform
[2018.07.23-10.30.47:696][  0]LogTemp: Display: Loaded TP Android_ATCTargetPlatform
[2018.07.23-10.30.47:763][  0]LogTemp: Display: Loaded TP Android_DXTTargetPlatform
[2018.07.23-10.30.47:827][  0]LogTemp: Display: Loaded TP Android_ETC1TargetPlatform
[2018.07.23-10.30.47:894][  0]LogTemp: Display: Loaded TP Android_ETC2TargetPlatform
[2018.07.23-10.30.48:026][  0]LogTemp: Display: Loaded TP Android_MultiTargetPlatform
[2018.07.23-10.30.48:026][  0]LogTemp: Display: Loaded TP Android_PVRTCTargetPlatform
[2018.07.23-10.30.48:091][  0]LogTemp: Display: Loaded TP AndroidTargetPlatform
[2018.07.23-10.30.48:145][  0]LogTemp: Display: Loaded TP HTML5TargetPlatform
[2018.07.23-10.30.48:258][  0]LogTemp: Display: Loaded TP IOSTargetPlatform
[2018.07.23-10.30.48:293][  0]LogTemp: Display: Loaded TP TVOSTargetPlatform
[2018.07.23-10.30.48:370][  0]LogTemp: Display: Loaded TP LinuxClientTargetPlatform
[2018.07.23-10.30.48:448][  0]LogTemp: Display: Loaded TP LinuxNoEditorTargetPlatform
[2018.07.23-10.30.48:510][  0]LogTemp: Display: Loaded TP LinuxServerTargetPlatform
[2018.07.23-10.30.48:577][  0]LogTemp: Display: Loaded TP LinuxTargetPlatform
[2018.07.23-10.30.48:577][  0]LogTargetPlatformManager: Display: Building Assets For Windows
[2018.07.23-10.30.49:209][  0]LogDerivedDataCache: Display: Max Cache Size: 512 MB
[2018.07.23-10.30.49:334][  0]LogDerivedDataCache: Loaded boot cache 0.13s 78MB C:/Users/Administer/AppData/Local/UnrealEngine/4.18/DerivedDataCache/Boot.ddc.
[2018.07.23-10.30.49:334][  0]LogDerivedDataCache: Display: Loaded Boot cache: C:/Users/Administer/AppData/Local/UnrealEngine/4.18/DerivedDataCache/Boot.ddc
[2018.07.23-10.30.49:334][  0]LogDerivedDataCache: FDerivedDataBackendGraph:  Pak pak cache file ../../../../../../Users/Administer/Desktop/Prototype_1/Prototype_1/DerivedDataCache/DDC.ddp not found, will not use a pak cache.
[2018.07.23-10.30.49:335][  0]LogDerivedDataCache: Unable to find inner node Pak for hierarchical cache Hierarchy.
[2018.07.23-10.30.49:335][  0]LogDerivedDataCache: FDerivedDataBackendGraph:  CompressedPak pak cache file ../../../../../../Users/Administer/Desktop/Prototype_1/Prototype_1/DerivedDataCache/Compressed.ddp not found, will not use a pak cache.
[2018.07.23-10.30.49:335][  0]LogDerivedDataCache: Unable to find inner node CompressedPak for hierarchical cache Hierarchy.
[2018.07.23-10.30.49:357][  0]LogDerivedDataCache: Display: Pak cache opened for reading ../../../Engine/DerivedDataCache/Compressed.ddp.
[2018.07.23-10.30.49:368][  0]LogDerivedDataCache: Using Local data cache path C:/Users/Administer/AppData/Local/UnrealEngine/Common/DerivedDataCache: Writable
[2018.07.23-10.30.49:382][  0]LogMaterial: Verifying Global Shaders for PCD3D_SM5
[2018.07.23-10.30.49:382][  0]LogSlate: Using Freetype 2.6.0
[2018.07.23-10.30.49:383][  0]LogSlate: SlateFontCache - WITH_FREETYPE: 1, WITH_HARFBUZZ: 1
[2018.07.23-10.30.49:383][  0]LogSlate: SlateFontCache - WITH_FREETYPE: 1, WITH_HARFBUZZ: 1
[2018.07.23-10.30.49:851][  0]LogInit: Selected Device Profile: [Windows]
[2018.07.23-10.30.50:286][  0]LogSimplygon: Simplygon DLL not present - disabling.
[2018.07.23-10.30.50:338][  0]LogMeshReduction: Using SimplygonSwarm for distributed automatic mesh merging
[2018.07.23-10.30.50:338][  0]LogMeshReduction: Using QuadricMeshReduction for automatic static mesh reduction
[2018.07.23-10.30.50:338][  0]LogMeshReduction: No automatic skeletal mesh reduction module available
[2018.07.23-10.30.50:338][  0]LogMeshReduction: No automatic mesh merging module available
[2018.07.23-10.30.50:338][  0]LogMeshMerging: No automatic mesh merging module available
[2018.07.23-10.30.50:376][  0]LogNetVersion: Prototype_1 , NetCL: 3709383, EngineNetVer: 2, GameNetVer: 0 (Checksum: 3668152509)
[2018.07.23-10.30.50:596][  0]LogAssetRegistry: FAssetRegistry took 0.0262 seconds to start up
[2018.07.23-10.30.51:264][  0]LogPackageLocalizationCache: Processed 7 localized package path(s) for 2 prioritized culture(s) in 0.079812 seconds
[2018.07.23-10.30.51:270][  0]LogUObjectArray: 35870 objects as part of root set at end of initial load.
[2018.07.23-10.30.51:270][  0]LogUObjectAllocator: 7363704 out of 0 bytes used by permanent object pool.
[2018.07.23-10.30.51:270][  0]LogUObjectArray: CloseDisregardForGC: 0/0 objects in disregard for GC pool
[2018.07.23-10.30.51:344][  0]LogInit: WinSock: version 1.1 (2.2), MaxSocks=32767, MaxUdp=65467
[2018.07.23-10.30.55:044][  0]LogTcpMessaging: Initializing TcpMessaging bridge
[2018.07.23-10.30.55:097][  0]LogUdpMessaging: Initializing bridge on interface 0.0.0.0:0 to multicast group 230.0.0.1:6666.
[2018.07.23-10.30.56:004][  0]LogMaterial: Uniform references updated for custom material expression Custom.
[2018.07.23-10.30.56:571][  0]SourceControl: Source control is disabled
[2018.07.23-10.30.56:571][  0]SourceControl: Source control is disabled
[2018.07.23-10.30.56:642][  0]SourceControl: Source control is disabled
[2018.07.23-10.30.56:719][  0]SourceControl: Source control is disabled
[2018.07.23-10.30.57:809][  0]LogAndroidPermission: UAndroidPermissionCallbackProxy::GetInstance
[2018.07.23-10.30.58:169][  0]LogOcInput: OculusInput pre-init called
[2018.07.23-10.30.58:549][  0]LogEngine: Initializing Engine...
[2018.07.23-10.30.58:551][  0]LogHMD: Failed to initialize OpenVR with code 110
[2018.07.23-10.30.58:844][  0]LogStats: UGameplayTagsManager::ConstructGameplayTagTree: Construct from data asset -  0.000 s
[2018.07.23-10.30.58:844][  0]LogStats: UGameplayTagsManager::ConstructGameplayTagTree: GameplayTagTreeChangedEvent.Broadcast -  0.000 s
[2018.07.23-10.30.59:028][  0]LogAIModule: Creating AISystem for world Untitled
[2018.07.23-10.30.59:037][  0]LogInit: XAudio2 using 'Headset Earphone (HyperX 7.1 Audio)' : 2 channels at 48 kHz using 16 bits per sample (channel mask 0x3)
[2018.07.23-10.30.59:052][  0]LogInit: FAudioDevice initialized.
[2018.07.23-10.30.59:184][  0]LogDerivedDataCache: Saved boot cache 0.13s 78MB C:/Users/Administer/AppData/Local/UnrealEngine/4.18/DerivedDataCache/Boot.ddc.
[2018.07.23-10.30.59:206][  0]LogInit: Texture streaming: Enabled
[2018.07.23-10.30.59:341][  0]LogEngineSessionManager: EngineSessionManager initialized
[2018.07.23-10.30.59:543][  0]LogInit: Transaction tracking system initialized
[2018.07.23-10.31.00:059][  0]BlueprintLog: New page: Editor Load
[2018.07.23-10.31.01:635][  0]LocalizationService: Localization service is disabled
[2018.07.23-10.31.04:141][  0]LogConsoleResponse: Display: 
[2018.07.23-10.31.04:554][  0]LogCook: Display: Max memory allowance for cook 16384mb min free memory 0mb
[2018.07.23-10.31.04:555][  0]LogCook: Display: Mobile HDR setting 1
[2018.07.23-10.31.04:555][  0]LogGameplayTags: Display: UGameplayTagsManager::DoneAddingNativeTags. DelegateIsBound: 0
[2018.07.23-10.31.05:192][  0]LogFileCache: Scanning file cache for directory 'C:/Users/Administer/Desktop/Prototype_1/Prototype_1/Content/' took 0.01s
[2018.07.23-10.31.07:147][  0]SourceControl: Source control is disabled
[2018.07.23-10.31.07:148][  0]Cmd: MAP LOAD FILE="../../../Engine/Content/Maps/Templates/Template_Default.umap" TEMPLATE=1 SHOWPROGRESS=1 FEATURELEVEL=3
[2018.07.23-10.31.07:148][  0]LightingResults: New page: Lighting Build
[2018.07.23-10.31.07:289][  0]MapCheck: New page: Map Check
[2018.07.23-10.31.07:289][  0]LightingResults: New page: Lighting Build
[2018.07.23-10.31.07:797][  0]LogAIModule: Creating AISystem for world Untitled_1
[2018.07.23-10.31.07:816][  0]LogEditorServer: Finished looking for orphan Actors (0.000 secs)
[2018.07.23-10.31.07:852][  0]Cmd: MAP CHECKDEP NOCLEARLOG
[2018.07.23-10.31.07:940][  0]MapCheck: Map check complete: 0 Error(s), 0 Warning(s), took 88.049ms to complete.
[2018.07.23-10.31.07:940][  0]LogFileHelpers: Loading map 'Template_Default' took 0.793
[2018.07.23-10.31.08:138][  0]LogCollectionManager: Loaded 0 collections in 0.002296 seconds
[2018.07.23-10.31.08:258][  0]LogFileCache: Scanning file cache for directory 'C:/Users/Administer/Desktop/Prototype_1/Prototype_1/Saved/Collections/' took 0.01s
[2018.07.23-10.31.08:258][  0]LogFileCache: Scanning file cache for directory 'C:/Users/Administer/Desktop/Prototype_1/Prototype_1/Content/Developers/Administer/Collections/' took 0.01s
[2018.07.23-10.31.08:258][  0]LogFileCache: Scanning file cache for directory 'C:/Users/Administer/Desktop/Prototype_1/Prototype_1/Content/Collections/' took 0.01s
[2018.07.23-10.31.08:258][  0]LogCollectionManager: Rebuilt the GUID cache for 0 collections in 0.000000 seconds
[2018.07.23-10.31.08:275][  0]LogContentBrowser: Native class hierarchy populated in 0.0162 seconds. Added 2363 classes and 519 folders.
[2018.07.23-10.31.08:411][  0]LogContentBrowser: Native class hierarchy updated for 'WidgetCarousel' in 0.0002 seconds. Added 0 classes and 0 folders.
[2018.07.23-10.31.08:488][  0]LogContentBrowser: Native class hierarchy updated for 'AddContentDialog' in 0.0004 seconds. Added 0 classes and 0 folders.
[2018.07.23-10.31.08:568][  0]LogContentBrowser: Native class hierarchy updated for 'SceneOutliner' in 0.0004 seconds. Added 1 classes and 2 folders.
[2018.07.23-10.31.08:722][  0]LogContentBrowser: Native class hierarchy updated for 'HierarchicalLODOutliner' in 0.0003 seconds. Added 1 classes and 2 folders.
[2018.07.23-10.31.08:722][  0]LogLoad: (Engine Initialization) Total time: 27.99 seconds
[2018.07.23-10.31.08:722][  0]LogLoad: (Engine Initialization) Total Blueprint compile time: 0.00 seconds
[2018.07.23-10.31.08:722][  0]LogExternalProfiler: No external profilers were discovered.  External profiling features will not be available.
[2018.07.23-10.31.09:081][  0]LogContentStreaming: Texture pool size now 400 MB
[2018.07.23-10.31.09:083][  0]LogSlate: Took 0.000287 seconds to synchronously load lazily loaded font '../../../Engine/Content/Slate/Fonts/Roboto-Regular.ttf' (155K)
[2018.07.23-10.31.09:085][  0]LogSlate: Took 0.000328 seconds to synchronously load lazily loaded font '../../../Engine/Content/Slate/Fonts/Roboto-Bold.ttf' (160K)
[2018.07.23-10.31.09:092][  0]LogSlate: Took 0.000657 seconds to synchronously load lazily loaded font '../../../Engine/Content/Editor/Slate/Fonts/FontAwesome.ttf' (139K)
[2018.07.23-10.31.09:405][  1]LogRenderer: Reallocating scene render targets to support 560x328 Format 9 NumSamples 1 (Frame:1).
[2018.07.23-10.31.09:405][  1]LogAssetRegistry: Asset discovery search completed in 18.8307 seconds
[2018.07.23-10.31.09:407][  1]LogCollectionManager: Rebuilt the object cache for 0 collections in 0.000000 seconds (found 0 objects)
[2018.07.23-10.31.09:407][  1]LogCollectionManager: Fixed up redirectors for 0 collections in 0.000052 seconds (updated 0 objects)
[2018.07.23-10.31.13:425][ 10]LogSlate: Took 0.000702 seconds to synchronously load lazily loaded font '../../../Engine/Content/Slate/Fonts/Roboto-Light.ttf' (159K)
[2018.07.23-10.31.16:648][125]LogSlate: Took 0.000249 seconds to synchronously load lazily loaded font '../../../Engine/Content/Slate/Fonts/Roboto-Light.ttf' (159K)
[2018.07.23-10.31.17:077][125]LogContentBrowser: Native class hierarchy updated for 'BlueprintGraph' in 0.0007 seconds. Added 116 classes and 0 folders.
[2018.07.23-10.31.17:835][125]LogSlate: Took 0.000203 seconds to synchronously load lazily loaded font '../../../Engine/Content/Slate/Fonts/Roboto-Regular.ttf' (155K)
[2018.07.23-10.31.17:924][125]LogSlate: Took 0.000342 seconds to synchronously load lazily loaded font '../../../Engine/Content/Editor/Slate/Fonts/Roboto-BoldCondensed.ttf' (158K)
[2018.07.23-10.31.18:037][126]LogSlate: Took 0.000279 seconds to synchronously load lazily loaded font '../../../Engine/Content/Editor/Slate/Fonts/Roboto-Italic.ttf' (157K)
[2018.07.23-10.31.19:121][177]LogRenderer: Reallocating scene render targets to support 644x712 Format 9 NumSamples 1 (Frame:1).
[2018.07.23-10.32.03:676][322]Cmd: BRUSH ADD SELECTNEWBRUSH
[2018.07.23-10.32.09:584][564]LogEditorActor: Deleted Actor: Brush
[2018.07.23-10.32.09:628][564]LogEditorActor: Deleted 1 Actors (0.059 secs)
[2018.07.23-10.32.18:194][987]BlueprintLog: New page: Compile Player_1
[2018.07.23-10.32.37:975][932]LogActorFactory: Actor Factory created Sphere
[2018.07.23-10.32.39:988][ 52]LogActorFactory: Actor Factory created Sphere
[2018.07.23-10.32.42:171][181]LogEditorTransaction: Undo Remove Components
[2018.07.23-10.32.42:236][181]LogSlate: Took 0.000341 seconds to synchronously load lazily loaded font '../../../Engine/Content/Slate/Fonts/Roboto-Light.ttf' (159K)
[2018.07.23-10.32.47:031][426]LogActorFactory: Actor Factory created Sphere
[2018.07.23-10.32.51:857][689]BlueprintLog: New page: Compile Player_2
[2018.07.23-10.32.53:070][732]BlueprintLog: New page: Compile Player_1
[2018.07.23-10.32.57:597][928]LogRenderer: Reallocating scene render targets to support 660x712 Format 9 NumSamples 1 (Frame:4027).
[2018.07.23-10.32.57:655][929]LogRenderer: Reallocating scene render targets to support 668x712 Format 9 NumSamples 1 (Frame:4029).
[2018.07.23-10.32.57:697][930]LogRenderer: Reallocating scene render targets to support 680x712 Format 9 NumSamples 1 (Frame:4031).
[2018.07.23-10.32.57:745][931]LogRenderer: Reallocating scene render targets to support 684x712 Format 9 NumSamples 1 (Frame:4033).
[2018.07.23-10.32.57:871][934]LogRenderer: Reallocating scene render targets to support 688x712 Format 9 NumSamples 1 (Frame:4037).
[2018.07.23-10.32.58:891][986]LogRenderer: Reallocating scene render targets to support 712x712 Format 9 NumSamples 1 (Frame:4087).
[2018.07.23-10.32.58:932][987]LogRenderer: Reallocating scene render targets to support 820x712 Format 9 NumSamples 1 (Frame:4089).
[2018.07.23-10.32.58:977][988]LogRenderer: Reallocating scene render targets to support 1028x712 Format 9 NumSamples 1 (Frame:4091).
[2018.07.23-10.32.59:028][989]LogRenderer: Reallocating scene render targets to support 1144x712 Format 9 NumSamples 1 (Frame:4093).
[2018.07.23-10.32.59:089][990]LogRenderer: Reallocating scene render targets to support 1248x712 Format 9 NumSamples 1 (Frame:4095).
[2018.07.23-10.32.59:190][991]LogRenderer: Reallocating scene render targets to support 1252x712 Format 9 NumSamples 1 (Frame:4097).
[2018.07.23-10.32.59:277][992]LogRenderer: Reallocating scene render targets to support 1276x712 Format 9 NumSamples 1 (Frame:4099).
[2018.07.23-10.32.59:325][993]LogRenderer: Reallocating scene render targets to support 1316x712 Format 9 NumSamples 1 (Frame:4101).
[2018.07.23-10.32.59:423][994]LogRenderer: Reallocating scene render targets to support 1356x712 Format 9 NumSamples 1 (Frame:4103).
[2018.07.23-10.32.59:477][995]LogRenderer: Reallocating scene render targets to support 1396x712 Format 9 NumSamples 1 (Frame:4105).
[2018.07.23-10.33.01:738][ 76]LogRenderer: Reallocating scene render targets to support 1396x720 Format 9 NumSamples 1 (Frame:4192).
[2018.07.23-10.33.01:786][ 77]LogRenderer: Reallocating scene render targets to support 1396x732 Format 9 NumSamples 1 (Frame:4194).
[2018.07.23-10.33.02:539][103]LogTemp: Repeating last play command: Simulate
[2018.07.23-10.33.02:590][103]LogPlayLevel: PlayLevel: No blueprints needed recompiling
[2018.07.23-10.33.02:590][103]PIE: New page: SIE session: Untitled_1 (24/07/2018 10:33:02 am)
[2018.07.23-10.33.02:591][103]LogPlayLevel: Creating play world package: /Temp/UEDPIE_0_Untitled_1
[2018.07.23-10.33.02:603][103]LogPlayLevel: PIE: StaticDuplicateObject took: (0.012523s)
[2018.07.23-10.33.02:605][103]LogAIModule: Creating AISystem for world Untitled_1
[2018.07.23-10.33.02:605][103]LogPlayLevel: PIE: World Init took: (0.001601s)
[2018.07.23-10.33.02:605][103]LogPlayLevel: PIE: Created PIE world by copying editor world from /Temp/Untitled_1.Untitled_1 to /Temp/UEDPIE_0_Untitled_1.Untitled_1 (0.014595s)
[2018.07.23-10.33.02:634][103]LogInit: XAudio2 using 'Headset Earphone (HyperX 7.1 Audio)' : 2 channels at 48 kHz using 16 bits per sample (channel mask 0x3)
[2018.07.23-10.33.02:643][103]LogInit: FAudioDevice initialized.
[2018.07.23-10.33.02:687][103]LogLoad: Game class is 'GameModeBase'
[2018.07.23-10.33.02:689][103]LogWorld: Bringing World /Temp/UEDPIE_0_Untitled_1.Untitled_1 up for play (max tick rate 60) at 2018.07.23-22.33.02
[2018.07.23-10.33.02:689][103]LogWorld: Bringing up level for play took: 0.000711
[2018.07.23-10.33.02:744][103]LogContentBrowser: Native class hierarchy updated for 'MovieSceneCapture' in 0.0003 seconds. Added 11 classes and 0 folders.
[2018.07.23-10.33.02:744][103]PIE: Play in editor start time for /Temp/UEDPIE_0_Untitled_1 0.588
[2018.07.23-10.33.09:571][319]Cmd: TRANSACTION UNDO
[2018.07.23-10.33.09:571][319]LogEditorTransaction: Undo Create Actors
[2018.07.23-10.33.13:476][436]LogAIModule: Creating AISystem for world NewMap
[2018.07.23-10.33.15:333][436]Cmd: MAP LOAD FILE="../../../../../../Users/Administer/Desktop/Prototype_1/Prototype_1/Content/NewMap.umap" TEMPLATE=0 SHOWPROGRESS=1 FEATURELEVEL=3
[2018.07.23-10.33.15:335][436]LightingResults: New page: Lighting Build
[2018.07.23-10.33.15:336][436]LoadErrors: New page: Loading map: NewMap.umap
[2018.07.23-10.33.15:336][436]MapCheck: New page: Map Check
[2018.07.23-10.33.15:336][436]LightingResults: New page: Lighting Build
[2018.07.23-10.33.15:367][436]LogEditorServer: Finished looking for orphan Actors (0.000 secs)
[2018.07.23-10.33.15:428][436]Cmd: MAP CHECKDEP NOCLEARLOG
[2018.07.23-10.33.15:496][436]MapCheck: Map check complete: 0 Error(s), 0 Warning(s), took 68.727ms to complete.
[2018.07.23-10.33.15:497][436]LogFileHelpers: Loading map 'NewMap' took 0.165
[2018.07.23-10.33.20:846][563]LogEditorViewport: Clicking on Actor (LMB): StaticMeshActor (Floor)
[2018.07.23-10.33.48:547][508]LogActorComponent: UnregisterComponent: (/Engine/Transient.EditorFloorComp) Not registered. Aborting.
[2018.07.23-10.33.49:481][542]LogTemp: Repeating last play command: Simulate
[2018.07.23-10.33.49:514][542]LogBlueprintUserMessages: Early PlayInEditor Detection: Level '/Game/NewMap.NewMap:PersistentLevel' has LevelScriptBlueprint '/Game/NewMap.NewMap:PersistentLevel.NewMap' with GeneratedClass '/Game/NewMap.NewMap_C' with ClassGeneratedBy '/Game/NewMap.NewMap:PersistentLevel.NewMap'
[2018.07.23-10.33.49:514][542]LogPlayLevel: PlayLevel: No blueprints needed recompiling
[2018.07.23-10.33.49:514][542]PIE: New page: SIE session: NewMap (24/07/2018 10:33:49 am)
[2018.07.23-10.33.49:514][542]LogPlayLevel: Creating play world package: /Game/UEDPIE_0_NewMap
[2018.07.23-10.33.49:522][542]LogPlayLevel: PIE: StaticDuplicateObject took: (0.007647s)
[2018.07.23-10.33.49:523][542]LogAIModule: Creating AISystem for world NewMap
[2018.07.23-10.33.49:523][542]LogPlayLevel: PIE: World Init took: (0.000977s)
[2018.07.23-10.33.49:523][542]LogPlayLevel: PIE: Created PIE world by copying editor world from /Game/NewMap.NewMap to /Game/UEDPIE_0_NewMap.NewMap (0.009086s)
[2018.07.23-10.33.49:556][542]LogInit: XAudio2 using 'Headset Earphone (HyperX 7.1 Audio)' : 2 channels at 48 kHz using 16 bits per sample (channel mask 0x3)
[2018.07.23-10.33.49:564][542]LogInit: FAudioDevice initialized.
[2018.07.23-10.33.49:596][542]LogLoad: Game class is 'GameModeBase'
[2018.07.23-10.33.49:597][542]LogWorld: Bringing World /Game/UEDPIE_0_NewMap.NewMap up for play (max tick rate 60) at 2018.07.23-22.33.49
[2018.07.23-10.33.49:597][542]LogWorld: Bringing up level for play took: 0.001225
[2018.07.23-10.33.49:599][542]PIE: Play in editor start time for /Game/UEDPIE_0_NewMap -0.558
[2018.07.23-10.33.49:609][542]LogBlueprintUserMessages: Late PlayInEditor Detection: Level '/Game/NewMap.NewMap:PersistentLevel' has LevelScriptBlueprint '/Game/NewMap.NewMap:PersistentLevel.NewMap' with GeneratedClass '/Game/NewMap.NewMap_C' with ClassGeneratedBy '/Game/NewMap.NewMap:PersistentLevel.NewMap'
[2018.07.23-10.33.58:261][789]LogBlueprintUserMessages: Early EndPlayMap Detection: Level '/Game/NewMap.NewMap:PersistentLevel' has LevelScriptBlueprint '/Game/NewMap.NewMap:PersistentLevel.NewMap' with GeneratedClass '/Game/NewMap.NewMap_C' with ClassGeneratedBy '/Game/NewMap.NewMap:PersistentLevel.NewMap'
[2018.07.23-10.33.58:298][789]LogBlueprintUserMessages: Late EndPlayMap Detection: Level '/Game/NewMap.NewMap:PersistentLevel' has LevelScriptBlueprint '/Game/NewMap.NewMap:PersistentLevel.NewMap' with GeneratedClass '/Game/NewMap.NewMap_C' with ClassGeneratedBy '/Game/NewMap.NewMap:PersistentLevel.NewMap'
[2018.07.23-10.33.59:935][854]LogEditorViewport: Clicking on Actor (LMB): Player_1_C (Player_1)
[2018.07.23-10.34.23:513][680]BlueprintLog: New page: Compile Player_1
[2018.07.23-10.34.25:683][738]LogTemp: Repeating last play command: Simulate
[2018.07.23-10.34.25:710][738]LogBlueprintUserMessages: Early PlayInEditor Detection: Level '/Game/NewMap.NewMap:PersistentLevel' has LevelScriptBlueprint '/Game/NewMap.NewMap:PersistentLevel.NewMap' with GeneratedClass '/Game/NewMap.NewMap_C' with ClassGeneratedBy '/Game/NewMap.NewMap:PersistentLevel.NewMap'
[2018.07.23-10.34.25:710][738]LogPlayLevel: PlayLevel: No blueprints needed recompiling
[2018.07.23-10.34.25:710][738]PIE: New page: SIE session: NewMap (24/07/2018 10:34:25 am)
[2018.07.23-10.34.25:710][738]LogPlayLevel: Creating play world package: /Game/UEDPIE_0_NewMap
[2018.07.23-10.34.25:716][738]LogPlayLevel: PIE: StaticDuplicateObject took: (0.005370s)
[2018.07.23-10.34.25:716][738]LogAIModule: Creating AISystem for world NewMap
[2018.07.23-10.34.25:717][738]LogPlayLevel: PIE: World Init took: (0.000896s)
[2018.07.23-10.34.25:717][738]LogPlayLevel: PIE: Created PIE world by copying editor world from /Game/NewMap.NewMap to /Game/UEDPIE_0_NewMap.NewMap (0.006598s)
[2018.07.23-10.34.25:747][738]LogInit: XAudio2 using 'Headset Earphone (HyperX 7.1 Audio)' : 2 channels at 48 kHz using 16 bits per sample (channel mask 0x3)
[2018.07.23-10.34.25:754][738]LogInit: FAudioDevice initialized.
[2018.07.23-10.34.25:788][738]LogLoad: Game class is 'GameModeBase'
[2018.07.23-10.34.25:789][738]LogWorld: Bringing World /Game/UEDPIE_0_NewMap.NewMap up for play (max tick rate 60) at 2018.07.23-22.34.25
[2018.07.23-10.34.25:789][738]LogWorld: Bringing up level for play took: 0.001418
[2018.07.23-10.34.25:791][738]PIE: Play in editor start time for /Game/UEDPIE_0_NewMap -0.365
[2018.07.23-10.34.25:802][738]LogBlueprintUserMessages: Late PlayInEditor Detection: Level '/Game/NewMap.NewMap:PersistentLevel' has LevelScriptBlueprint '/Game/NewMap.NewMap:PersistentLevel.NewMap' with GeneratedClass '/Game/NewMap.NewMap_C' with ClassGeneratedBy '/Game/NewMap.NewMap:PersistentLevel.NewMap'
[2018.07.23-10.34.34:537][  6]LogBlueprintUserMessages: Early EndPlayMap Detection: Level '/Game/NewMap.NewMap:PersistentLevel' has LevelScriptBlueprint '/Game/NewMap.NewMap:PersistentLevel.NewMap' with GeneratedClass '/Game/NewMap.NewMap_C' with ClassGeneratedBy '/Game/NewMap.NewMap:PersistentLevel.NewMap'
[2018.07.23-10.34.34:570][  6]LogBlueprintUserMessages: Late EndPlayMap Detection: Level '/Game/NewMap.NewMap:PersistentLevel' has LevelScriptBlueprint '/Game/NewMap.NewMap:PersistentLevel.NewMap' with GeneratedClass '/Game/NewMap.NewMap_C' with ClassGeneratedBy '/Game/NewMap.NewMap:PersistentLevel.NewMap'
[2018.07.23-10.34.43:521][372]LogEditorViewport: Clicking on Actor (LMB): Player_1_C (Player_1)
[2018.07.23-10.34.49:673][610]LogEditorViewport: Clicking on Actor (LMB): Player_2_C (Player_2)
[2018.07.23-10.34.52:432][717]LogEditorViewport: Clicking on Actor (LMB): StaticMeshActor (Cube)
[2018.07.23-10.34.55:749][839]Cmd: DELETE
[2018.07.23-10.34.55:749][839]Cmd: ACTOR DELETE
[2018.07.23-10.34.55:751][839]LogEditorActor: Deleted Actor: StaticMeshActor
[2018.07.23-10.34.55:777][839]LogEditorActor: Deleted 1 Actors (0.028 secs)
[2018.07.23-10.34.57:505][906]LogEditorViewport: Clicking on Actor (LMB): StaticMeshActor (Cube2)
[2018.07.23-10.34.58:033][924]Cmd: DELETE
[2018.07.23-10.34.58:033][924]Cmd: ACTOR DELETE
[2018.07.23-10.34.58:035][924]LogEditorActor: Deleted Actor: StaticMeshActor
[2018.07.23-10.34.58:061][924]LogEditorActor: Deleted 1 Actors (0.028 secs)
[2018.07.23-10.35.00:496][ 17]LogEditorActor: Deleted Actor: PhysicsConstraintActor
[2018.07.23-10.35.00:526][ 17]LogEditorActor: Deleted 1 Actors (0.033 secs)
[2018.07.23-10.35.01:197][ 44]LogEditorActor: Deleted Actor: PhysicsConstraintActor
[2018.07.23-10.35.01:223][ 44]LogEditorActor: Deleted 1 Actors (0.027 secs)
[2018.07.23-10.35.21:900][779]LogMetaData: Removing '/Game/The_Map.The_Map_C' ref from Metadata '/Game/NewMap.PackageMetaData'
[2018.07.23-10.35.21:900][779]LogMetaData: Removing '/Game/The_Map.The_Map:PersistentLevel.The_Map.EventGraph.K2Node_Event_0' ref from Metadata '/Game/NewMap.PackageMetaData'
[2018.07.23-10.35.21:900][779]LogMetaData: Removing '/Game/The_Map.SKEL_The_Map_C' ref from Metadata '/Game/NewMap.PackageMetaData'
[2018.07.23-10.35.22:051][779]Cmd: OBJ SAVEPACKAGE PACKAGE="/Game/The_Map" FILE="../../../../../../Users/Administer/Desktop/Prototype_1/Prototype_1/Content/The_Map.umap" SILENT=true AUTOSAVING=false KEEPDIRTY=false
[2018.07.23-10.35.22:281][779]LogSavePackage: Save=197.43ms
[2018.07.23-10.35.22:281][779]LogSavePackage: Moving '../../../../../../Users/Administer/Desktop/Prototype_1/Prototype_1/Saved/The_MapD51D7B104739967EEC3784B04AFC0BCB.tmp' to '../../../../../../Users/Administer/Desktop/Prototype_1/Prototype_1/Content/The_Map.umap'
[2018.07.23-10.35.22:288][779]LogSavePackage: Display: Finished SavePackage ../../../../../../Users/Administer/Desktop/Prototype_1/Prototype_1/Content/The_Map.umap
[2018.07.23-10.35.22:336][779]LogFileHelpers: Saving map 'The_Map' took 0.374
[2018.07.23-10.35.30:766][ 45]LogSlate: Only BGRA pngs, bmps or icos are supported in by External Image Picker
[2018.07.23-10.35.30:844][ 46]LogTemp: Executing iPhonePackager certificates Engine -bundlename com.YourCompany.Prototype1
[2018.07.23-10.35.30:844][ 46]LogTemp: CWD: C:\Program Files\Epic Games\UE_4.18\Engine\Binaries\DotNET\IOS
[2018.07.23-10.35.30:844][ 46]LogTemp: Initial Dir: C:\Program Files\Epic Games\UE_4.18
[2018.07.23-10.35.30:844][ 46]LogTemp: Env CWD: C:\Program Files\Epic Games\UE_4.18\Engine\Binaries\DotNET\IOS
[2018.07.23-10.35.30:844][ 46]LogTemp: BranchPath = DESKTOP-3LMKMPS/C/Program Files/Epic Games/UE_4.18/Engine/Binaries --- GameBranchPath = DESKTOP-3LMKMPS/C/Program Files/Epic Games/UE_4.18/Engine/Binaries
[2018.07.23-10.35.30:844][ 46]LogTemp: IPP ERROR: Could not find provision directory 'C:\Users\Administer\AppData\Local/Apple Computer/MobileDevice/Provisioning Profiles/'.
[2018.07.23-10.36.07:511][407]LogTemp: Repeating last play command: Simulate
[2018.07.23-10.36.07:530][407]LogBlueprintUserMessages: Early PlayInEditor Detection: Level '/Game/The_Map.The_Map:PersistentLevel' has LevelScriptBlueprint '/Game/The_Map.The_Map:PersistentLevel.The_Map' with GeneratedClass '/Game/The_Map.The_Map_C' with ClassGeneratedBy '/Game/The_Map.The_Map:PersistentLevel.The_Map'
[2018.07.23-10.36.07:530][407]BlueprintLog: New page: Pre-Play auto-recompile
[2018.07.23-10.36.07:536][407]LogPlayLevel: [PlayLevel] Compiling Player_2 before play...
[2018.07.23-10.36.07:823][407]LogPlayLevel: [PlayLevel] Compiling Player_1 before play...
[2018.07.23-10.36.08:126][407]LogPlayLevel: PlayLevel: Blueprint regeneration took 595 ms (2 blueprints)
[2018.07.23-10.36.08:126][407]PIE: New page: SIE session: The_Map (24/07/2018 10:36:08 am)
[2018.07.23-10.36.08:126][407]LogPlayLevel: Creating play world package: /Game/UEDPIE_0_The_Map
[2018.07.23-10.36.08:130][407]LogPlayLevel: PIE: StaticDuplicateObject took: (0.004025s)
[2018.07.23-10.36.08:131][407]LogAIModule: Creating AISystem for world The_Map
[2018.07.23-10.36.08:131][407]LogPlayLevel: PIE: World Init took: (0.000757s)
[2018.07.23-10.36.08:131][407]LogPlayLevel: PIE: Created PIE world by copying editor world from /Game/The_Map.The_Map to /Game/UEDPIE_0_The_Map.The_Map (0.005069s)
[2018.07.23-10.36.08:153][407]LogInit: XAudio2 using 'Headset Earphone (HyperX 7.1 Audio)' : 2 channels at 48 kHz using 16 bits per sample (channel mask 0x3)
[2018.07.23-10.36.08:163][407]LogInit: FAudioDevice initialized.
[2018.07.23-10.36.08:196][407]LogLoad: Game class is 'GameModeBase'
[2018.07.23-10.36.08:197][407]LogWorld: Bringing World /Game/UEDPIE_0_The_Map.The_Map up for play (max tick rate 60) at 2018.07.23-22.36.08
[2018.07.23-10.36.08:198][407]LogWorld: Bringing up level for play took: 0.001063
[2018.07.23-10.36.08:199][407]PIE: Play in editor start time for /Game/UEDPIE_0_The_Map 0.043
[2018.07.23-10.36.08:202][407]LogBlueprintUserMessages: Late PlayInEditor Detection: Level '/Game/The_Map.The_Map:PersistentLevel' has LevelScriptBlueprint '/Game/The_Map.The_Map:PersistentLevel.The_Map' with GeneratedClass '/Game/The_Map.The_Map_C' with ClassGeneratedBy '/Game/The_Map.The_Map:PersistentLevel.The_Map'
[2018.07.23-10.36.13:929][575]LogEditorViewport: Clicking on Actor (LMB): StaticMeshActor (Floor)
[2018.07.23-10.36.18:951][670]LogBlueprintUserMessages: Early EndPlayMap Detection: Level '/Game/The_Map.The_Map:PersistentLevel' has LevelScriptBlueprint '/Game/The_Map.The_Map:PersistentLevel.The_Map' with GeneratedClass '/Game/The_Map.The_Map_C' with ClassGeneratedBy '/Game/The_Map.The_Map:PersistentLevel.The_Map'
[2018.07.23-10.36.18:990][670]LogBlueprintUserMessages: Late EndPlayMap Detection: Level '/Game/The_Map.The_Map:PersistentLevel' has LevelScriptBlueprint '/Game/The_Map.The_Map:PersistentLevel.The_Map' with GeneratedClass '/Game/The_Map.The_Map_C' with ClassGeneratedBy '/Game/The_Map.The_Map:PersistentLevel.The_Map'
[2018.07.23-10.36.20:912][764]LogBlueprintUserMessages: Early PlayInEditor Detection: Level '/Game/The_Map.The_Map:PersistentLevel' has LevelScriptBlueprint '/Game/The_Map.The_Map:PersistentLevel.The_Map' with GeneratedClass '/Game/The_Map.The_Map_C' with ClassGeneratedBy '/Game/The_Map.The_Map:PersistentLevel.The_Map'
[2018.07.23-10.36.20:912][764]LogPlayLevel: PlayLevel: No blueprints needed recompiling
[2018.07.23-10.36.20:913][764]PIE: New page: PIE session: The_Map (24/07/2018 10:36:20 am)
[2018.07.23-10.36.20:913][764]LogPlayLevel: Creating play world package: /Game/UEDPIE_0_The_Map
[2018.07.23-10.36.20:918][764]LogPlayLevel: PIE: StaticDuplicateObject took: (0.005334s)
[2018.07.23-10.36.20:919][764]LogAIModule: Creating AISystem for world The_Map
[2018.07.23-10.36.20:919][764]LogPlayLevel: PIE: World Init took: (0.001008s)
[2018.07.23-10.36.20:919][764]LogPlayLevel: PIE: Created PIE world by copying editor world from /Game/The_Map.The_Map to /Game/UEDPIE_0_The_Map.The_Map (0.006725s)
[2018.07.23-10.36.20:948][764]LogInit: XAudio2 using 'Headset Earphone (HyperX 7.1 Audio)' : 2 channels at 48 kHz using 16 bits per sample (channel mask 0x3)
[2018.07.23-10.36.20:956][764]LogInit: FAudioDevice initialized.
[2018.07.23-10.36.20:991][764]LogLoad: Game class is 'GameModeBase'
[2018.07.23-10.36.20:992][764]LogWorld: Bringing World /Game/UEDPIE_0_The_Map.The_Map up for play (max tick rate 60) at 2018.07.23-22.36.20
[2018.07.23-10.36.20:993][764]LogWorld: Bringing up level for play took: 0.001002
[2018.07.23-10.36.20:993][764]PIE: Play in editor start time for /Game/UEDPIE_0_The_Map 0.837
[2018.07.23-10.36.20:994][764]LogBlueprintUserMessages: Late PlayInEditor Detection: Level '/Game/The_Map.The_Map:PersistentLevel' has LevelScriptBlueprint '/Game/The_Map.The_Map:PersistentLevel.The_Map' with GeneratedClass '/Game/The_Map.The_Map_C' with ClassGeneratedBy '/Game/The_Map.The_Map:PersistentLevel.The_Map'
[2018.07.23-10.36.24:030][943]LogBlueprintUserMessages: Early EndPlayMap Detection: Level '/Game/The_Map.The_Map:PersistentLevel' has LevelScriptBlueprint '/Game/The_Map.The_Map:PersistentLevel.The_Map' with GeneratedClass '/Game/The_Map.The_Map_C' with ClassGeneratedBy '/Game/The_Map.The_Map:PersistentLevel.The_Map'
[2018.07.23-10.36.24:066][943]LogBlueprintUserMessages: Late EndPlayMap Detection: Level '/Game/The_Map.The_Map:PersistentLevel' has LevelScriptBlueprint '/Game/The_Map.The_Map:PersistentLevel.The_Map' with GeneratedClass '/Game/The_Map.The_Map_C' with ClassGeneratedBy '/Game/The_Map.The_Map:PersistentLevel.The_Map'
[2018.07.23-10.36.25:827][  6]LogEditorViewport: Clicking on Actor (LMB): CameraActor (CameraActor)
[2018.07.23-10.36.28:464][ 87]LogEditorViewport: Clicking on Actor (LMB): Player_2_C (Player_2)
[2018.07.23-10.36.35:918][366]LogEditorViewport: Clicking on Actor (LMB): Player_1_C (Player_1)
[2018.07.23-10.36.39:606][502]LogEditorViewport: Clicking on Actor (LMB): StaticMeshActor (Floor)
[2018.07.23-10.36.47:592][757]LogTemp: Repeating last play command: Selected Viewport
[2018.07.23-10.36.47:616][757]LogBlueprintUserMessages: Early PlayInEditor Detection: Level '/Game/The_Map.The_Map:PersistentLevel' has LevelScriptBlueprint '/Game/The_Map.The_Map:PersistentLevel.The_Map' with GeneratedClass '/Game/The_Map.The_Map_C' with ClassGeneratedBy '/Game/The_Map.The_Map:PersistentLevel.The_Map'
[2018.07.23-10.36.47:617][757]LogPlayLevel: PlayLevel: No blueprints needed recompiling
[2018.07.23-10.36.47:617][757]PIE: New page: PIE session: The_Map (24/07/2018 10:36:47 am)
[2018.07.23-10.36.47:617][757]LogPlayLevel: Creating play world package: /Game/UEDPIE_0_The_Map
[2018.07.23-10.36.47:624][757]LogPlayLevel: PIE: StaticDuplicateObject took: (0.006960s)
[2018.07.23-10.36.47:625][757]LogAIModule: Creating AISystem for world The_Map
[2018.07.23-10.36.47:625][757]LogPlayLevel: PIE: World Init took: (0.001086s)
[2018.07.23-10.36.47:625][757]LogPlayLevel: PIE: Created PIE world by copying editor world from /Game/The_Map.The_Map to /Game/UEDPIE_0_The_Map.The_Map (0.008389s)
[2018.07.23-10.36.47:656][757]LogInit: XAudio2 using 'Headset Earphone (HyperX 7.1 Audio)' : 2 channels at 48 kHz using 16 bits per sample (channel mask 0x3)
[2018.07.23-10.36.47:664][757]LogInit: FAudioDevice initialized.
[2018.07.23-10.36.47:699][757]LogLoad: Game class is 'GameModeBase'
[2018.07.23-10.36.47:700][757]LogWorld: Bringing World /Game/UEDPIE_0_The_Map.The_Map up for play (max tick rate 60) at 2018.07.23-22.36.47
[2018.07.23-10.36.47:700][757]LogWorld: Bringing up level for play took: 0.001059
[2018.07.23-10.36.47:701][757]PIE: Play in editor start time for /Game/UEDPIE_0_The_Map -0.455
[2018.07.23-10.36.47:701][757]LogBlueprintUserMessages: Late PlayInEditor Detection: Level '/Game/The_Map.The_Map:PersistentLevel' has LevelScriptBlueprint '/Game/The_Map.The_Map:PersistentLevel.The_Map' with GeneratedClass '/Game/The_Map.The_Map_C' with ClassGeneratedBy '/Game/The_Map.The_Map:PersistentLevel.The_Map'
[2018.07.23-10.36.57:310][329]LogBlueprintUserMessages: Early EndPlayMap Detection: Level '/Game/The_Map.The_Map:PersistentLevel' has LevelScriptBlueprint '/Game/The_Map.The_Map:PersistentLevel.The_Map' with GeneratedClass '/Game/The_Map.The_Map_C' with ClassGeneratedBy '/Game/The_Map.The_Map:PersistentLevel.The_Map'
[2018.07.23-10.36.57:348][329]LogBlueprintUserMessages: Late EndPlayMap Detection: Level '/Game/The_Map.The_Map:PersistentLevel' has LevelScriptBlueprint '/Game/The_Map.The_Map:PersistentLevel.The_Map' with GeneratedClass '/Game/The_Map.The_Map_C' with ClassGeneratedBy '/Game/The_Map.The_Map:PersistentLevel.The_Map'
[2018.07.23-10.45.45:806][421]Cmd: OBJ SAVEPACKAGE PACKAGE="/Game/The_Map" FILE="../../../../../../Users/Administer/Desktop/Prototype_1/Prototype_1/Saved/Autosaves/Game/The_Map_Auto1.umap" SILENT=true AUTOSAVING=true KEEPDIRTY=false
[2018.07.23-10.45.46:017][421]LogSavePackage: Save=194.43ms
[2018.07.23-10.45.46:017][421]LogSavePackage: Moving '../../../../../../Users/Administer/Desktop/Prototype_1/Prototype_1/Saved/The_Map_Auto142F2519D43FEFDF7ABD6F9842B6D010E.tmp' to '../../../../../../Users/Administer/Desktop/Prototype_1/Prototype_1/Saved/Autosaves/Game/The_Map_Auto1.umap'
[2018.07.23-10.45.46:020][421]LogSavePackage: Display: Finished SavePackage ../../../../../../Users/Administer/Desktop/Prototype_1/Prototype_1/Saved/Autosaves/Game/The_Map_Auto1.umap
[2018.07.23-10.45.46:029][421]LogFileHelpers: Editor autosave (incl. sublevels) for '/Game/The_Map' took 0.264
[2018.07.23-10.45.46:029][421]LogFileHelpers: Editor autosave (incl. sublevels) for all levels took 0.264
[2018.07.23-10.45.46:033][421]OBJ SavePackage: Generating thumbnails for [1] asset(s) in package [/Game/Player_1] ([1] browsable assets)...
[2018.07.23-10.45.46:055][421]OBJ SavePackage:     Rendered thumbnail for [Blueprint /Game/Player_1.Player_1]
[2018.07.23-10.45.46:055][421]OBJ SavePackage: Finished generating thumbnails for package [/Game/Player_1]
[2018.07.23-10.45.46:055][421]Cmd: OBJ SAVEPACKAGE PACKAGE="/Game/Player_1" FILE="../../../../../../Users/Administer/Desktop/Prototype_1/Prototype_1/Saved/Autosaves/Game/Player_1_Auto1.uasset" SILENT=false AUTOSAVING=true
[2018.07.23-10.45.46:123][421]LogSavePackage: Save=55.83ms
[2018.07.23-10.45.46:123][421]LogSavePackage: Moving '../../../../../../Users/Administer/Desktop/Prototype_1/Prototype_1/Saved/Player_1_Auto125942E314CAAF0BB2DF19A9705957218.tmp' to '../../../../../../Users/Administer/Desktop/Prototype_1/Prototype_1/Saved/Autosaves/Game/Player_1_Auto1.uasset'
[2018.07.23-10.45.46:126][421]LogSavePackage: Display: Finished SavePackage ../../../../../../Users/Administer/Desktop/Prototype_1/Prototype_1/Saved/Autosaves/Game/Player_1_Auto1.uasset
[2018.07.23-10.45.46:128][421]OBJ SavePackage: Generating thumbnails for [1] asset(s) in package [/Game/Player_2] ([1] browsable assets)...
[2018.07.23-10.45.46:151][421]OBJ SavePackage:     Rendered thumbnail for [Blueprint /Game/Player_2.Player_2]
[2018.07.23-10.45.46:151][421]OBJ SavePackage: Finished generating thumbnails for package [/Game/Player_2]
[2018.07.23-10.45.46:151][421]Cmd: OBJ SAVEPACKAGE PACKAGE="/Game/Player_2" FILE="../../../../../../Users/Administer/Desktop/Prototype_1/Prototype_1/Saved/Autosaves/Game/Player_2_Auto1.uasset" SILENT=false AUTOSAVING=true
[2018.07.23-10.45.46:211][421]LogSavePackage: Save=44.79ms
[2018.07.23-10.45.46:211][421]LogSavePackage: Moving '../../../../../../Users/Administer/Desktop/Prototype_1/Prototype_1/Saved/Player_2_Auto175DD438848234FA48F52F580E1B869CB.tmp' to '../../../../../../Users/Administer/Desktop/Prototype_1/Prototype_1/Saved/Autosaves/Game/Player_2_Auto1.uasset'
[2018.07.23-10.45.46:213][421]LogSavePackage: Display: Finished SavePackage ../../../../../../Users/Administer/Desktop/Prototype_1/Prototype_1/Saved/Autosaves/Game/Player_2_Auto1.uasset
[2018.07.23-10.45.46:214][421]LogExec: Warning: Missing filename
[2018.07.23-10.45.46:214][421]LogFileHelpers: Auto-saving content packages took 0.182
[2018.07.23-10.55.12:155][120]LogD3D11RHI: Timed out while waiting for GPU to catch up. (500 ms)
[2018.07.23-10.55.12:489][121]LogD3D11RHI: Timed out while waiting for GPU to catch up. (500 ms)
[2018.07.23-10.55.36:652][265]Cmd: OBJ SAVEPACKAGE PACKAGE="/Game/Player_1" FILE="../../../../../../Users/Administer/Desktop/Prototype_1/Prototype_1/Content/Player_1.uasset" SILENT=true
[2018.07.23-10.55.36:738][265]LogSavePackage: Save=69.15ms
[2018.07.23-10.55.36:739][265]LogSavePackage: Moving '../../../../../../Users/Administer/Desktop/Prototype_1/Prototype_1/Saved/Player_16D019DA94ADA538724AAC4AB49A98755.tmp' to '../../../../../../Users/Administer/Desktop/Prototype_1/Prototype_1/Content/Player_1.uasset'
[2018.07.23-10.55.36:748][265]LogSavePackage: Display: Finished SavePackage ../../../../../../Users/Administer/Desktop/Prototype_1/Prototype_1/Content/Player_1.uasset
[2018.07.23-10.55.36:863][265]Cmd: OBJ SAVEPACKAGE PACKAGE="/Game/Player_2" FILE="../../../../../../Users/Administer/Desktop/Prototype_1/Prototype_1/Content/Player_2.uasset" SILENT=true
[2018.07.23-10.55.36:922][265]LogSavePackage: Save=42.68ms
[2018.07.23-10.55.36:922][265]LogSavePackage: Moving '../../../../../../Users/Administer/Desktop/Prototype_1/Prototype_1/Saved/Player_2A813CC464D820D3300A8AD9DF3F60068.tmp' to '../../../../../../Users/Administer/Desktop/Prototype_1/Prototype_1/Content/Player_2.uasset'
[2018.07.23-10.55.37:024][265]LogSavePackage: Display: Finished SavePackage ../../../../../../Users/Administer/Desktop/Prototype_1/Prototype_1/Content/Player_2.uasset
[2018.07.23-10.55.37:248][265]Cmd: OBJ SAVEPACKAGE PACKAGE="/Game/The_Map" FILE="../../../../../../Users/Administer/Desktop/Prototype_1/Prototype_1/Content/The_Map.umap" SILENT=true AUTOSAVING=false KEEPDIRTY=false
[2018.07.23-10.55.37:603][265]LogSavePackage: Save=306.07ms
[2018.07.23-10.55.37:603][265]LogSavePackage: Moving '../../../../../../Users/Administer/Desktop/Prototype_1/Prototype_1/Saved/The_Map55EBB63542B598231D7E3789FB059EE4.tmp' to '../../../../../../Users/Administer/Desktop/Prototype_1/Prototype_1/Content/The_Map.umap'
[2018.07.23-10.55.37:607][265]LogSavePackage: Display: Finished SavePackage ../../../../../../Users/Administer/Desktop/Prototype_1/Prototype_1/Content/The_Map.umap
[2018.07.23-10.55.37:667][265]LogFileHelpers: Saving map 'The_Map' took 0.554
[2018.07.23-10.55.37:962][265]LogActorComponent: UnregisterComponent: (/Engine/Transient.EditorFloorComp) Not registered. Aborting.
[2018.07.23-10.55.38:093][265]LogWindowsTextInputMethodSystem: Display: IME system now deactivated.
[2018.07.23-10.55.38:419][266]Cmd: QUIT_EDITOR
[2018.07.23-10.55.38:626][266]LogExit: Preparing to exit.
[2018.07.23-10.55.38:738][266]LogDirectoryWatcher: A directory notification for 'C:/Users/Administer/Desktop/Prototype_1/Prototype_1/Content/' was aborted.
[2018.07.23-10.55.38:815][266]LogExit: Editor shut down
[2018.07.23-10.55.38:820][266]LogExit: Transaction tracking system shut down
[2018.07.23-10.55.39:013][266]LogDirectoryWatcher: A directory notification for '../../../Engine/Content/' was aborted.
[2018.07.23-10.55.39:013][266]LogDirectoryWatcher: A directory notification for '../../../../../../Users/Administer/Desktop/Prototype_1/Prototype_1/Content/' was aborted.
[2018.07.23-10.55.39:013][266]LogDirectoryWatcher: A directory notification for '../../../Engine/Plugins/2D/Paper2D/Content/' was aborted.
[2018.07.23-10.55.39:013][266]LogDirectoryWatcher: A directory notification for '../../../Engine/Plugins/Media/MediaCompositing/Content/' was aborted.
[2018.07.23-10.55.39:013][266]LogDirectoryWatcher: A directory notification for '../../../Engine/Plugins/Runtime/AppleARKit/Content/' was aborted.
[2018.07.23-10.55.39:014][266]LogDirectoryWatcher: A directory notification for '../../../Engine/Plugins/Runtime/Oculus/OculusVR/Content/' was aborted.
[2018.07.23-10.55.39:014][266]LogDirectoryWatcher: A directory notification for '../../../Engine/Plugins/Runtime/Steam/SteamVR/Content/' was aborted.
[2018.07.23-10.55.39:138][266]LogExit: Object subsystem successfully closed.
[2018.07.23-10.55.39:157][266]LogD3D11RHI: Shutdown
[2018.07.23-10.55.39:158][266]LogD3D11RHI: CleanupD3DDevice
[2018.07.23-10.55.39:160][266]LogD3D11RHI: ~FD3D11DynamicRHI
[2018.07.23-10.55.39:194][266]LogModuleManager: Shutting down and abandoning module ExternalImagePicker (556)
[2018.07.23-10.55.39:194][266]LogModuleManager: Shutting down and abandoning module MovieSceneCapture (554)
[2018.07.23-10.55.39:194][266]LogModuleManager: Shutting down and abandoning module BlueprintGraph (552)
[2018.07.23-10.55.39:194][266]LogModuleManager: Shutting down and abandoning module HierarchicalLODOutliner (550)
[2018.07.23-10.55.39:194][266]LogModuleManager: Shutting down and abandoning module SceneOutliner (548)
[2018.07.23-10.55.39:194][266]LogModuleManager: Shutting down and abandoning module AddContentDialog (546)
[2018.07.23-10.55.39:194][266]LogDirectoryWatcher: A directory notification for 'C:/Program Files/Epic Games/UE_4.18/FeaturePacks/' was aborted.
[2018.07.23-10.55.39:196][266]LogModuleManager: Shutting down and abandoning module WidgetCarousel (545)
[2018.07.23-10.55.39:196][266]LogModuleManager: Shutting down and abandoning module EditorWidgets (542)
[2018.07.23-10.55.39:196][266]LogModuleManager: Shutting down and abandoning module CollectionManager (540)
[2018.07.23-10.55.39:196][266]LogDirectoryWatcher: A directory notification for 'C:/Users/Administer/Desktop/Prototype_1/Prototype_1/Content/Collections/' was aborted.
[2018.07.23-10.55.39:196][266]LogDirectoryWatcher: A directory notification for 'C:/Users/Administer/Desktop/Prototype_1/Prototype_1/Content/Developers/Administer/Collections/' was aborted.
[2018.07.23-10.55.39:196][266]LogDirectoryWatcher: A directory notification for 'C:/Users/Administer/Desktop/Prototype_1/Prototype_1/Saved/Collections/' was aborted.
[2018.07.23-10.55.39:196][266]LogModuleManager: Shutting down and abandoning module HierarchicalLODUtilities (538)
[2018.07.23-10.55.39:196][266]LogModuleManager: Shutting down and abandoning module StatsViewer (536)
[2018.07.23-10.55.39:196][266]LogModuleManager: Shutting down and abandoning module FoliageEdit (534)
[2018.07.23-10.55.39:196][266]LogModuleManager: Shutting down and abandoning module LandscapeEditor (532)
[2018.07.23-10.55.39:196][266]LogModuleManager: Shutting down and abandoning module MeshPaintMode (530)
[2018.07.23-10.55.39:196][266]LogModuleManager: Shutting down and abandoning module SceneDepthPickerMode (528)
[2018.07.23-10.55.39:196][266]LogModuleManager: Shutting down and abandoning module ActorPickerMode (526)
[2018.07.23-10.55.39:196][266]LogModuleManager: Shutting down and abandoning module GeometryMode (524)
[2018.07.23-10.55.39:196][266]LogModuleManager: Shutting down and abandoning module TextureAlignMode (522)
[2018.07.23-10.55.39:196][266]LogModuleManager: Shutting down and abandoning module BspMode (520)
[2018.07.23-10.55.39:196][266]LogModuleManager: Shutting down and abandoning module PIEPreviewDeviceProfileSelector (518)
[2018.07.23-10.55.39:197][266]LogModuleManager: Shutting down and abandoning module HardwareSurvey (516)
[2018.07.23-10.55.39:197][266]LogModuleManager: Shutting down and abandoning module SequenceRecorderSections (514)
[2018.07.23-10.55.39:197][266]LogModuleManager: Shutting down and abandoning module AutomationWorker (512)
[2018.07.23-10.55.39:197][266]LogModuleManager: Shutting down and abandoning module MatineeToLevelSequence (510)
[2018.07.23-10.55.39:197][266]LogModuleManager: Shutting down and abandoning module LevelSequenceEditor (508)
[2018.07.23-10.55.39:197][266]LogModuleManager: Shutting down and abandoning module PlacementMode (507)
[2018.07.23-10.55.39:197][266]LogModuleManager: Shutting down and abandoning module WmfMediaFactory (504)
[2018.07.23-10.55.39:197][266]LogModuleManager: Shutting down and abandoning module WmfMediaEditor (502)
[2018.07.23-10.55.39:197][266]LogModuleManager: Shutting down and abandoning module OpenExrWrapper (500)
[2018.07.23-10.55.39:197][266]LogModuleManager: Shutting down and abandoning module ImgMediaFactory (498)
[2018.07.23-10.55.39:197][266]LogModuleManager: Shutting down and abandoning module ImgMediaEditor (496)
[2018.07.23-10.55.39:197][266]LogModuleManager: Shutting down and abandoning module AvfMediaFactory (494)
[2018.07.23-10.55.39:197][266]LogModuleManager: Shutting down and abandoning module AvfMediaEditor (492)
[2018.07.23-10.55.39:197][266]LogModuleManager: Shutting down and abandoning module AndroidMediaFactory (490)
[2018.07.23-10.55.39:197][266]LogModuleManager: Shutting down and abandoning module AndroidMediaEditor (488)
[2018.07.23-10.55.39:197][266]LogModuleManager: Shutting down and abandoning module CharacterAI (486)
[2018.07.23-10.55.39:197][266]LogModuleManager: Shutting down and abandoning module AudioCapture (484)
[2018.07.23-10.55.39:197][266]LogModuleManager: Shutting down and abandoning module SequenceRecorder (483)
[2018.07.23-10.55.39:197][266]LogModuleManager: Shutting down and abandoning module SmartSnapping (480)
[2018.07.23-10.55.39:197][266]LogModuleManager: Shutting down and abandoning module SessionServices (478)
[2018.07.23-10.55.39:197][266]LogModuleManager: Shutting down and abandoning module ViewportSnapping (476)
[2018.07.23-10.55.39:197][266]LogModuleManager: Shutting down and abandoning module ViewportInteraction (474)
[2018.07.23-10.55.39:197][266]LogModuleManager: Shutting down and abandoning module ClothPainter (472)
[2018.07.23-10.55.39:197][266]LogModuleManager: Shutting down and abandoning module SkeletalMeshEditor (471)
[2018.07.23-10.55.39:197][266]LogModuleManager: Shutting down and abandoning module LogVisualizer (468)
[2018.07.23-10.55.39:197][266]LogModuleManager: Shutting down and abandoning module IntroTutorials (466)
[2018.07.23-10.55.39:197][266]LogModuleManager: Shutting down and abandoning module GameProjectGeneration (465)
[2018.07.23-10.55.39:197][266]LogModuleManager: Shutting down and abandoning module IOSPlatformEditor (462)
[2018.07.23-10.55.39:197][266]LogModuleManager: Shutting down and abandoning module HTML5PlatformEditor (460)
[2018.07.23-10.55.39:197][266]LogModuleManager: Shutting down and abandoning module AndroidPlatformEditor (458)
[2018.07.23-10.55.39:197][266]LogModuleManager: Shutting down and abandoning module AndroidDeviceDetection (457)
[2018.07.23-10.55.39:361][266]LogModuleManager: Shutting down and abandoning module WindowsPlatformEditor (454)
[2018.07.23-10.55.39:361][266]LogModuleManager: Shutting down and abandoning module IOSRuntimeSettings (452)
[2018.07.23-10.55.39:361][266]LogModuleManager: Shutting down and abandoning module AndroidRuntimeSettings (450)
[2018.07.23-10.55.39:361][266]LogModuleManager: Shutting down and abandoning module InputBindingEditor (448)
[2018.07.23-10.55.39:361][266]LogModuleManager: Shutting down and abandoning module MergeActors (446)
[2018.07.23-10.55.39:361][266]LogModuleManager: Shutting down and abandoning module SizeMap (444)
[2018.07.23-10.55.39:361][266]LogModuleManager: Shutting down and abandoning module TreeMap (442)
[2018.07.23-10.55.39:361][266]LogModuleManager: Shutting down and abandoning module ReferenceViewer (440)
[2018.07.23-10.55.39:362][266]LogModuleManager: Shutting down and abandoning module LocalizationDashboard (438)
[2018.07.23-10.55.39:362][266]LogModuleManager: Shutting down and abandoning module LocalizationService (437)
[2018.07.23-10.55.39:362][266]LogModuleManager: Shutting down and abandoning module HardwareTargeting (434)
[2018.07.23-10.55.39:362][266]LogModuleManager: Shutting down and abandoning module DeviceProfileEditor (432)
[2018.07.23-10.55.39:362][266]LogModuleManager: Shutting down and abandoning module UndoHistory (430)
[2018.07.23-10.55.39:362][266]LogModuleManager: Shutting down and abandoning module XmlParser (428)
[2018.07.23-10.55.39:362][266]LogModuleManager: Shutting down and abandoning module Blutility (426)
[2018.07.23-10.55.39:362][266]LogModuleManager: Shutting down and abandoning module ProjectSettingsViewer (424)
[2018.07.23-10.55.39:362][266]LogModuleManager: Shutting down and abandoning module ProjectTargetPlatformEditor (423)
[2018.07.23-10.55.39:362][266]LogModuleManager: Shutting down and abandoning module EditorSettingsViewer (420)
[2018.07.23-10.55.39:362][266]LogModuleManager: Shutting down and abandoning module SettingsEditor (418)
[2018.07.23-10.55.39:362][266]LogModuleManager: Shutting down and abandoning module ProjectLauncher (416)
[2018.07.23-10.55.39:362][266]LogModuleManager: Shutting down and abandoning module SessionFrontend (414)
[2018.07.23-10.55.39:362][266]LogModuleManager: Shutting down and abandoning module ProfilerClient (412)
[2018.07.23-10.55.39:362][266]LogModuleManager: Shutting down and abandoning module DeviceManager (410)
[2018.07.23-10.55.39:362][266]LogModuleManager: Shutting down and abandoning module TargetDeviceServices (409)
[2018.07.23-10.55.39:419][266]LogModuleManager: Shutting down and abandoning module AutomationController (406)
[2018.07.23-10.55.39:419][266]LogModuleManager: Shutting down and abandoning module AutomationWindow (404)
[2018.07.23-10.55.39:419][266]LogModuleManager: Shutting down and abandoning module Layers (402)
[2018.07.23-10.55.39:419][266]LogModuleManager: Shutting down and abandoning module ComponentVisualizers (400)
[2018.07.23-10.55.39:419][266]LogModuleManager: Shutting down and abandoning module DetailCustomizations (398)
[2018.07.23-10.55.39:419][266]LogModuleManager: Shutting down and abandoning module PackagesDialog (396)
[2018.07.23-10.55.39:419][266]LogModuleManager: Shutting down and abandoning module Persona (394)
[2018.07.23-10.55.39:419][266]LogModuleManager: Shutting down and abandoning module AdvancedPreviewScene (393)
[2018.07.23-10.55.39:419][266]LogModuleManager: Shutting down and abandoning module AnimGraph (391)
[2018.07.23-10.55.39:419][266]LogModuleManager: Shutting down and abandoning module Kismet (388)
[2018.07.23-10.55.39:434][266]LogModuleManager: Shutting down and abandoning module ClassViewer (386)
[2018.07.23-10.55.39:435][266]LogModuleManager: Shutting down and abandoning module Toolbox (384)
[2018.07.23-10.55.39:435][266]LogModuleManager: Shutting down and abandoning module ModuleUI (382)
[2018.07.23-10.55.39:435][266]LogModuleManager: Shutting down and abandoning module MovieSceneTools (380)
[2018.07.23-10.55.39:436][266]LogModuleManager: Shutting down and abandoning module OutputLog (378)
[2018.07.23-10.55.39:436][266]LogModuleManager: Shutting down and abandoning module GammaUI (376)
[2018.07.23-10.55.39:436][266]LogModuleManager: Shutting down and abandoning module Documentation (374)
[2018.07.23-10.55.39:436][266]LogModuleManager: Shutting down and abandoning module MovieSceneTracks (372)
[2018.07.23-10.55.39:436][266]LogModuleManager: Shutting down and abandoning module MovieScene (370)
[2018.07.23-10.55.39:436][266]LogModuleManager: Shutting down and abandoning module StreamingPauseRendering (368)
[2018.07.23-10.55.39:436][266]LogModuleManager: Shutting down and abandoning module LauncherPlatform (366)
[2018.07.23-10.55.39:436][266]LogModuleManager: Shutting down and abandoning module AnalyticsET (364)
[2018.07.23-10.55.39:436][266]LogModuleManager: Shutting down and abandoning module PortalServices (362)
[2018.07.23-10.55.39:436][266]LogModuleManager: Shutting down and abandoning module PortalRpc (360)
[2018.07.23-10.55.39:436][266]LogModuleManager: Shutting down and abandoning module MessagingRpc (358)
[2018.07.23-10.55.39:436][266]LogModuleManager: Shutting down and abandoning module AIModule (356)
[2018.07.23-10.55.39:436][266]LogModuleManager: Shutting down and abandoning module GameplayDebugger (355)
[2018.07.23-10.55.39:436][266]LogModuleManager: Shutting down and abandoning module AITestSuite (353)
[2018.07.23-10.55.39:436][266]LogModuleManager: Shutting down and abandoning module DesktopPlatform (350)
[2018.07.23-10.55.39:436][266]LogModuleManager: Shutting down and abandoning module ProfilerService (348)
[2018.07.23-10.55.39:560][266]LogModuleManager: Shutting down and abandoning module TaskGraph (346)
[2018.07.23-10.55.39:560][266]LogModuleManager: Shutting down and abandoning module SteamVRController (344)
[2018.07.23-10.55.39:560][266]LogModuleManager: Shutting down and abandoning module ProceduralMeshComponentEditor (342)
[2018.07.23-10.55.39:560][266]LogModuleManager: Shutting down and abandoning module ProceduralMeshComponent (340)
[2018.07.23-10.55.39:561][266]LogModuleManager: Shutting down and abandoning module OculusInput (338)
[2018.07.23-10.55.39:561][266]LogModuleManager: Shutting down and abandoning module MobilePatchingUtils (336)
[2018.07.23-10.55.39:561][266]LogModuleManager: Shutting down and abandoning module CustomMeshComponent (334)
[2018.07.23-10.55.39:561][266]LogModuleManager: Shutting down and abandoning module CableComponent (332)
[2018.07.23-10.55.39:561][266]LogModuleManager: Shutting down and abandoning module ArchVisCharacter (330)
[2018.07.23-10.55.39:561][266]LogModuleManager: Shutting down and abandoning module AndroidPermission (328)
[2018.07.23-10.55.39:561][266]LogModuleManager: Shutting down and abandoning module ActorSequence (324)
[2018.07.23-10.55.39:561][266]LogModuleManager: Shutting down and abandoning module MediaPlayerEditor (322)
[2018.07.23-10.55.39:561][266]LogModuleManager: Shutting down and abandoning module MediaCompositingEditor (320)
[2018.07.23-10.55.39:561][266]LogModuleManager: Shutting down and abandoning module MediaCompositing (318)
[2018.07.23-10.55.39:561][266]LogModuleManager: Shutting down and abandoning module HTML5Networking (316)
[2018.07.23-10.55.39:561][266]LogModuleManager: Shutting down and abandoning module AlembicImporter (314)
[2018.07.23-10.55.39:561][266]LogModuleManager: Shutting down and abandoning module AlembicLibrary (313)
[2018.07.23-10.55.39:561][266]LogModuleManager: Shutting down and abandoning module GeometryCache (312)
[2018.07.23-10.55.39:561][266]LogModuleManager: Shutting down and abandoning module GeometryCacheEd (311)
[2018.07.23-10.55.39:561][266]LogModuleManager: Shutting down and abandoning module SpeedTreeImporter (306)
[2018.07.23-10.55.39:561][266]LogModuleManager: Shutting down and abandoning module PluginBrowser (304)
[2018.07.23-10.55.39:561][266]LogModuleManager: Shutting down and abandoning module MobileLauncherProfileWizard (302)
[2018.07.23-10.55.39:561][266]LogModuleManager: Shutting down and abandoning module VisualStudioSourceCodeAccess (300)
[2018.07.23-10.55.39:561][266]LogModuleManager: Shutting down and abandoning module VisualStudioCodeSourceCodeAccess (298)
[2018.07.23-10.55.39:561][266]LogModuleManager: Shutting down and abandoning module UObjectPlugin (296)
[2018.07.23-10.55.39:561][266]LogModuleManager: Shutting down and abandoning module SubversionSourceControl (294)
[2018.07.23-10.55.39:561][266]LogModuleManager: Shutting down and abandoning module PerforceSourceControl (292)
[2018.07.23-10.55.39:561][266]LogModuleManager: Shutting down and abandoning module GitSourceControl (290)
[2018.07.23-10.55.39:562][266]LogModuleManager: Shutting down and abandoning module SourceControl (289)
[2018.07.23-10.55.39:562][266]LogModuleManager: Shutting down and abandoning module LightPropagationVolumeEditor (286)
[2018.07.23-10.55.39:562][266]LogModuleManager: Shutting down and abandoning module PaperTiledImporter (284)
[2018.07.23-10.55.39:562][266]LogModuleManager: Shutting down and abandoning module PaperSpriteSheetImporter (282)
[2018.07.23-10.55.39:562][266]LogModuleManager: Shutting down and abandoning module Paper2DEditor (280)
[2018.07.23-10.55.39:562][266]LogModuleManager: Shutting down and abandoning module MeshPaint (279)
[2018.07.23-10.55.39:562][266]LogModuleManager: Shutting down and abandoning module LevelEditor (277)
[2018.07.23-10.55.39:563][266]LogModuleManager: Shutting down and abandoning module PixelInspectorModule (276)
[2018.07.23-10.55.39:563][266]LogModuleManager: Shutting down and abandoning module MainFrame (274)
[2018.07.23-10.55.39:563][266]LogModuleManager: Shutting down and abandoning module HotReload (273)
[2018.07.23-10.55.39:564][266]LogModuleManager: Shutting down and abandoning module RuntimePhysXCooking (268)
[2018.07.23-10.55.39:564][266]LogModuleManager: Shutting down and abandoning module PhysXVehiclesEditor (266)
[2018.07.23-10.55.39:564][266]LogModuleManager: Shutting down and abandoning module PhysXVehicles (264)
[2018.07.23-10.55.39:564][266]LogModuleManager: Shutting down and abandoning module OculusEditor (262)
[2018.07.23-10.55.39:564][266]LogModuleManager: Shutting down and abandoning module LocationServicesBPLibrary (260)
[2018.07.23-10.55.39:564][266]LogModuleManager: Shutting down and abandoning module ImmediatePhysicsEditor (258)
[2018.07.23-10.55.39:564][266]LogModuleManager: Shutting down and abandoning module ImmediatePhysics (256)
[2018.07.23-10.55.39:564][266]LogModuleManager: Shutting down and abandoning module UdpMessaging (254)
[2018.07.23-10.55.39:665][266]LogModuleManager: Shutting down and abandoning module TcpMessaging (252)
[2018.07.23-10.55.39:766][266]LogModuleManager: Shutting down and abandoning module GameplayTagsEditor (250)
[2018.07.23-10.55.39:766][266]LogModuleManager: Shutting down and abandoning module FacialAnimationEditor (248)
[2018.07.23-10.55.39:766][266]LogModuleManager: Shutting down and abandoning module FacialAnimation (246)
[2018.07.23-10.55.39:766][266]LogModuleManager: Shutting down and abandoning module AssetManagerEditor (244)
[2018.07.23-10.55.39:767][266]LogModuleManager: Shutting down and abandoning module GraphEditor (243)
[2018.07.23-10.55.39:767][266]LogModuleManager: Shutting down and abandoning module ContentBrowser (241)
[2018.07.23-10.55.39:768][266]LogModuleManager: Shutting down and abandoning module LightPropagationVolumeRuntime (238)
[2018.07.23-10.55.39:769][266]LogModuleManager: Shutting down and abandoning module Paper2D (236)
[2018.07.23-10.55.39:769][266]LogModuleManager: Shutting down and abandoning module WindowsMoviePlayer (234)
[2018.07.23-10.55.39:769][266]LogModuleManager: Shutting down and abandoning module WmfMedia (232)
[2018.07.23-10.55.39:769][266]LogModuleManager: Shutting down and abandoning module ImgMedia (230)
[2018.07.23-10.55.39:811][266]LogModuleManager: Shutting down and abandoning module PacketHandler (228)
[2018.07.23-10.55.39:811][266]LogModuleManager: Shutting down and abandoning module ClothingSystemEditor (226)
[2018.07.23-10.55.39:811][266]LogModuleManager: Shutting down and abandoning module ClothingSystemRuntime (224)
[2018.07.23-10.55.39:811][266]LogModuleManager: Shutting down and abandoning module MediaAssets (222)
[2018.07.23-10.55.39:811][266]LogModuleManager: Shutting down and abandoning module Media (221)
[2018.07.23-10.55.39:820][266]LogModuleManager: Shutting down and abandoning module Overlay (218)
[2018.07.23-10.55.39:820][266]LogModuleManager: Shutting down and abandoning module OverlayEditor (217)
[2018.07.23-10.55.39:820][266]LogModuleManager: Shutting down and abandoning module VREditor (214)
[2018.07.23-10.55.39:820][266]LogModuleManager: Shutting down and abandoning module StringTableEditor (212)
[2018.07.23-10.55.39:820][266]LogModuleManager: Shutting down and abandoning module GameplayTasksEditor (210)
[2018.07.23-10.55.39:820][266]LogModuleManager: Shutting down and abandoning module BehaviorTreeEditor (208)
[2018.07.23-10.55.39:820][266]LogModuleManager: Shutting down and abandoning module FunctionalTesting (206)
[2018.07.23-10.55.39:820][266]LogModuleManager: Shutting down and abandoning module CollisionAnalyzer (204)
[2018.07.23-10.55.39:820][266]LogModuleManager: Shutting down and abandoning module WorkspaceMenuStructure (203)
[2018.07.23-10.55.39:821][266]LogModuleManager: Shutting down and abandoning module UMG (200)
[2018.07.23-10.55.39:821][266]LogModuleManager: Shutting down and abandoning module UMGEditor (199)
[2018.07.23-10.55.39:821][266]LogModuleManager: Shutting down and abandoning module Sequencer (198)
[2018.07.23-10.55.39:821][266]LogModuleManager: Shutting down and abandoning module MessageLog (195)
[2018.07.23-10.55.39:821][266]LogModuleManager: Shutting down and abandoning module SlateReflector (190)
[2018.07.23-10.55.39:821][266]LogModuleManager: Shutting down and abandoning module Slate (188)
[2018.07.23-10.55.39:821][266]LogModuleManager: Shutting down and abandoning module EditorStyle (186)
[2018.07.23-10.55.39:838][266]LogModuleManager: Shutting down and abandoning module MRMesh (184)
[2018.07.23-10.55.39:838][266]LogModuleManager: Shutting down and abandoning module SourceCodeAccess (182)
[2018.07.23-10.55.39:838][266]LogModuleManager: Shutting down and abandoning module HeadMountedDisplay (180)
[2018.07.23-10.55.39:838][266]LogModuleManager: Shutting down and abandoning module XAudio2 (178)
[2018.07.23-10.55.39:838][266]LogModuleManager: Shutting down and abandoning module Networking (176)
[2018.07.23-10.55.39:838][266]LogModuleManager: Shutting down and abandoning module Core (172)
[2018.07.23-10.55.39:838][266]LogModuleManager: Shutting down and abandoning module LevelSequence (168)
[2018.07.23-10.55.39:838][266]LogModuleManager: Shutting down and abandoning module DirectoryWatcher (166)
[2018.07.23-10.55.39:848][266]LogModuleManager: Shutting down and abandoning module KismetCompiler (164)
[2018.07.23-10.55.39:848][266]LogModuleManager: Shutting down and abandoning module MeshUtilities (162)
[2018.07.23-10.55.39:849][266]LogModuleManager: Shutting down and abandoning module MeshMergeUtilities (161)
[2018.07.23-10.55.39:849][266]LogModuleManager: Shutting down and abandoning module MeshReductionInterface (160)
[2018.07.23-10.55.39:849][266]LogModuleManager: Shutting down and abandoning module SimplygonSwarm (159)
[2018.07.23-10.55.39:849][266]LogModuleManager: Shutting down and abandoning module SimplygonMeshReduction (157)
[2018.07.23-10.55.39:849][266]LogModuleManager: Shutting down and abandoning module QuadricMeshReduction (155)
[2018.07.23-10.55.39:849][266]LogModuleManager: Shutting down and abandoning module MaterialBaking (151)
[2018.07.23-10.55.39:849][266]LogModuleManager: Shutting down and abandoning module DerivedDataCache (148)
[2018.07.23-10.55.39:919][266]LogDerivedDataCache: Shutdown
[2018.07.23-10.55.39:920][266]LogModuleManager: Shutting down and abandoning module TargetPlatform (146)
[2018.07.23-10.55.39:920][266]LogModuleManager: Shutting down and abandoning module VulkanShaderFormat (145)
[2018.07.23-10.55.39:920][266]LogModuleManager: Shutting down and abandoning module ShaderFormatVectorVM (143)
[2018.07.23-10.55.39:920][266]LogModuleManager: Shutting down and abandoning module ShaderFormatOpenGL (141)
[2018.07.23-10.55.39:920][266]LogModuleManager: Shutting down and abandoning module ShaderFormatD3D (139)
[2018.07.23-10.55.39:920][266]LogModuleManager: Shutting down and abandoning module MetalShaderFormat (137)
[2018.07.23-10.55.39:920][266]LogModuleManager: Shutting down and abandoning module TextureFormatUncompressed (135)
[2018.07.23-10.55.39:920][266]LogModuleManager: Shutting down and abandoning module TextureFormatPVR (133)
[2018.07.23-10.55.39:920][266]LogModuleManager: Shutting down and abandoning module TextureFormatDXT (131)
[2018.07.23-10.55.39:920][266]LogModuleManager: Shutting down and abandoning module TextureFormatIntelISPCTexComp (129)
[2018.07.23-10.55.39:920][266]LogModuleManager: Shutting down and abandoning module TextureFormatASTC (127)
[2018.07.23-10.55.39:920][266]LogModuleManager: Shutting down and abandoning module ImageWrapper (126)
[2018.07.23-10.55.39:920][266]LogModuleManager: Shutting down and abandoning module TextureFormatAndroid (123)
[2018.07.23-10.55.39:920][266]LogModuleManager: Shutting down and abandoning module AudioFormatOpus (121)
[2018.07.23-10.55.39:920][266]LogModuleManager: Shutting down and abandoning module AudioFormatOgg (119)
[2018.07.23-10.55.39:920][266]LogModuleManager: Shutting down and abandoning module AudioFormatADPCM (117)
[2018.07.23-10.55.39:920][266]LogModuleManager: Shutting down and abandoning module LinuxTargetPlatform (115)
[2018.07.23-10.55.39:920][266]LogModuleManager: Shutting down and abandoning module LinuxServerTargetPlatform (113)
[2018.07.23-10.55.39:920][266]LogModuleManager: Shutting down and abandoning module LinuxNoEditorTargetPlatform (111)
[2018.07.23-10.55.39:921][266]LogModuleManager: Shutting down and abandoning module LinuxClientTargetPlatform (109)
[2018.07.23-10.55.39:921][266]LogModuleManager: Shutting down and abandoning module TVOSTargetPlatform (107)
[2018.07.23-10.55.39:921][266]LogModuleManager: Shutting down and abandoning module Messaging (105)
[2018.07.23-10.55.39:921][266]LogModuleManager: Shutting down and abandoning module IOSTargetPlatform (103)
[2018.07.23-10.55.39:921][266]LogModuleManager: Shutting down and abandoning module HTML5TargetPlatform (101)
[2018.07.23-10.55.39:921][266]LogModuleManager: Shutting down and abandoning module AndroidTargetPlatform (99)
[2018.07.23-10.55.39:921][266]LogModuleManager: Shutting down and abandoning module Android_PVRTCTargetPlatform (97)
[2018.07.23-10.55.39:921][266]LogModuleManager: Shutting down and abandoning module Android_MultiTargetPlatform (95)
[2018.07.23-10.55.39:921][266]LogModuleManager: Shutting down and abandoning module Android_ETC2TargetPlatform (93)
[2018.07.23-10.55.39:921][266]LogModuleManager: Shutting down and abandoning module Android_ETC1TargetPlatform (91)
[2018.07.23-10.55.39:921][266]LogModuleManager: Shutting down and abandoning module Android_DXTTargetPlatform (89)
[2018.07.23-10.55.39:921][266]LogModuleManager: Shutting down and abandoning module Android_ATCTargetPlatform (87)
[2018.07.23-10.55.39:921][266]LogModuleManager: Shutting down and abandoning module Android_ASTCTargetPlatform (85)
[2018.07.23-10.55.39:921][266]LogModuleManager: Shutting down and abandoning module WindowsTargetPlatform (83)
[2018.07.23-10.55.39:921][266]LogModuleManager: Shutting down and abandoning module WindowsServerTargetPlatform (81)
[2018.07.23-10.55.39:921][266]LogModuleManager: Shutting down and abandoning module WindowsNoEditorTargetPlatform (79)
[2018.07.23-10.55.39:921][266]LogModuleManager: Shutting down and abandoning module WindowsClientTargetPlatform (77)
[2018.07.23-10.55.39:921][266]LogModuleManager: Shutting down and abandoning module MacTargetPlatform (75)
[2018.07.23-10.55.39:921][266]LogModuleManager: Shutting down and abandoning module MacServerTargetPlatform (73)
[2018.07.23-10.55.39:921][266]LogModuleManager: Shutting down and abandoning module MacNoEditorTargetPlatform (71)
[2018.07.23-10.55.39:921][266]LogModuleManager: Shutting down and abandoning module MacClientTargetPlatform (69)
[2018.07.23-10.55.39:921][266]LogModuleManager: Shutting down and abandoning module AllDesktopTargetPlatform (67)
[2018.07.23-10.55.39:921][266]LogModuleManager: Shutting down and abandoning module InputCore (64)
[2018.07.23-10.55.39:921][266]LogModuleManager: Shutting down and abandoning module Settings (62)
[2018.07.23-10.55.39:922][266]LogModuleManager: Shutting down and abandoning module PhysXCooking (60)
[2018.07.23-10.55.39:922][266]LogModuleManager: Shutting down and abandoning module SteamVR (58)
[2018.07.23-10.55.39:922][266]LogModuleManager: Shutting down and abandoning module OculusHMD (56)
[2018.07.23-10.55.39:922][266]LogModuleManager: Shutting down and abandoning module ExampleDeviceProfileSelector (54)
[2018.07.23-10.55.39:922][266]LogModuleManager: Shutting down and abandoning module AppleARKit (52)
[2018.07.23-10.55.39:922][266]LogModuleManager: Shutting down and abandoning module AugmentedReality (51)
[2018.07.23-10.55.39:922][266]LogModuleManager: Shutting down and abandoning module OnlineBlueprintSupport (48)
[2018.07.23-10.55.39:922][266]LogModuleManager: Shutting down and abandoning module OnlineSubsystem (44)
[2018.07.23-10.55.39:922][266]LogModuleManager: Shutting down and abandoning module XMPP (43)
[2018.07.23-10.55.39:933][266]LogModuleManager: Shutting down and abandoning module HTTP (41)
[2018.07.23-10.55.39:934][266]LogHttp: Display: Http module shutting down, but needs to wait on 1 outstanding Http requests:
[2018.07.23-10.55.39:934][266]LogHttp: Display: 	verb=[POST] url=[https://datarouter.ol.epicgames.com/datarouter/api/v1/public/data?SessionID=%7B692B88A5-42BF-159D-49C7-24A2F8F1B453%7D&AppID=UEEditor.Rocket.Release&AppVersion=4.18.3-3832480%2B%2B%2BUE4%2BRelease-4.18&UserID=b2a692814008fb2dd77b0993dda64e78%7Cac823143dd4246109a925ff03c33a947%7C2829244f-4167-44e8-bea3-d3c72646b551&AppEnvironment=datacollector-binary&UploadType=eteventstream] status=Processing
[2018.07.23-10.55.39:939][266]LogModuleManager: Shutting down and abandoning module SSL (40)
[2018.07.23-10.55.39:952][266]LogModuleManager: Shutting down and abandoning module AnimationModifiers (36)
[2018.07.23-10.55.39:952][266]LogModuleManager: Shutting down and abandoning module PropertyEditor (35)
[2018.07.23-10.55.39:952][266]LogModuleManager: Shutting down and abandoning module AudioEditor (32)
[2018.07.23-10.55.39:952][266]LogModuleManager: Shutting down and abandoning module TextureCompressor (30)
[2018.07.23-10.55.39:952][266]LogModuleManager: Shutting down and abandoning module ShaderCore (28)
[2018.07.23-10.55.39:953][266]LogModuleManager: Shutting down and abandoning module Landscape (26)
[2018.07.23-10.55.39:953][266]LogModuleManager: Shutting down and abandoning module SlateRHIRenderer (24)
[2018.07.23-10.55.39:955][266]LogModuleManager: Shutting down and abandoning module OpenGLDrv (22)
[2018.07.23-10.55.39:960][266]LogModuleManager: Shutting down and abandoning module D3D11RHI (20)
[2018.07.23-10.55.39:960][266]LogModuleManager: Shutting down and abandoning module AnimGraphRuntime (18)
[2018.07.23-10.55.39:960][266]LogModuleManager: Shutting down and abandoning module Renderer (16)
[2018.07.23-10.55.39:960][266]LogModuleManager: Shutting down and abandoning module Engine (14)
[2018.07.23-10.55.39:960][266]LogModuleManager: Shutting down and abandoning module CoreUObject (12)
[2018.07.23-10.55.39:960][266]LogModuleManager: Shutting down and abandoning module NetworkFile (10)
[2018.07.23-10.55.39:960][266]LogModuleManager: Shutting down and abandoning module CookedIterativeFile (8)
[2018.07.23-10.55.39:960][266]LogModuleManager: Shutting down and abandoning module StreamingFile (6)
[2018.07.23-10.55.39:960][266]LogModuleManager: Shutting down and abandoning module SandboxFile (4)
[2018.07.23-10.55.39:960][266]LogModuleManager: Shutting down and abandoning module PakFile (2)
[2018.07.23-10.55.40:031][266]LogExit: Exiting.
[2018.07.23-10.55.40:182][266]Log file closed, 07/23/18 22:55:40
